#
# A fatal error has been detected by the Java Runtime Environment:
#
#  SIGSEGV (0xb) at pc=0x00007fff8fb92ac8, pid=9861, tid=16387
#
# JRE version: Java(TM) SE Runtime Environment (7.0_51-b13) (build 1.7.0_51-b13)
# Java VM: Java HotSpot(TM) 64-Bit Server VM (24.51-b03 mixed mode bsd-amd64 compressed oops)
# Problematic frame:
# C  [libz.1.dylib+0x6ac8]  inflateEnd+0x2f
#
# Failed to write core dump. Core dumps have been disabled. To enable core dumping, try "ulimit -c unlimited" before starting Java again
#
# If you would like to submit a bug report, please visit:
#   http://bugreport.sun.com/bugreport/crash.jsp
# The crash happened outside the Java Virtual Machine in native code.
# See problematic frame for where to report the bug.
#

---------------  T H R E A D  ---------------

Current thread (0x00007fd5e3835000):  JavaThread "Finalizer" daemon [_thread_in_native, id=16387, stack(0x000000019b3bb000,0x000000019b4bb000)]

siginfo:si_signo=SIGSEGV: si_errno=0, si_code=1 (SEGV_MAPERR), si_addr=0x0000000003678500

Registers:
RAX=0x00000000fffffffe, RBX=0x00007fd5e341fa00, RCX=0x00007fff8fb94f98, RDX=0x00007fd5e341fa00
RSP=0x000000019b4ba2b0, RBP=0x000000019b4ba2c0, RSI=0x00000000036784c0, RDI=0x00007fd5e341fa00
R8 =0x000000010d2222a0, R9 =0x000000019b4ba5f8, R10=0x000000010d22470c, R11=0x000000010ca592a7
R12=0x0000000000000000, R13=0x00000001105d4900, R14=0x00007fd5e38351e8, R15=0x00007fd5e3835000
RIP=0x00007fff8fb92ac8, EFLAGS=0x0000000000010202, ERR=0x0000000000000004
  TRAPNO=0x000000000000000e

Top of Stack: (sp=0x000000019b4ba2b0)
0x000000019b4ba2b0:   000000010d20ab85 00007fd5e341fa00
0x000000019b4ba2c0:   000000019b4ba2e0 000000010d20ab9a
0x000000019b4ba2d0:   00000001105d4900 000000019b4ba368
0x000000019b4ba2e0:   000000019b4ba340 000000010d224738
0x000000019b4ba2f0:   000000019b4ba370 000000019b4ba370
0x000000019b4ba300:   000000019b4ba300 0000000000000000
0x000000019b4ba310:   000000019b4ba368 00000001105d4d48
0x000000019b4ba320:   0000000000000000 00000001105d4900
0x000000019b4ba330:   0000000000000000 000000019b4ba360
0x000000019b4ba340:   000000019b4ba3c0 000000010d218058
0x000000019b4ba350:   0000000115607960 000000010d220cd8
0x000000019b4ba360:   00007fd5e341fa00 000000011909b978
0x000000019b4ba370:   000000011909b978 000000011909b978
0x000000019b4ba380:   000000019b4ba370 00000001105d405d
0x000000019b4ba390:   000000019b4ba3f0 00000001105d4d48
0x000000019b4ba3a0:   0000000000000000 00000001105d4090
0x000000019b4ba3b0:   000000019b4ba360 000000019b4ba3f0
0x000000019b4ba3c0:   000000019b4ba438 000000010d218058
0x000000019b4ba3d0:   0000000000000000 00007fd5e341fa00
0x000000019b4ba3e0:   0000000000000000 000000011909b978
0x000000019b4ba3f0:   00000001190992e0 000000019b4ba3f8
0x000000019b4ba400:   00000001105d4151 000000019b4ba448
0x000000019b4ba410:   00000001105d4d48 0000000000000000
0x000000019b4ba420:   00000001105d4160 000000019b4ba3f0
0x000000019b4ba430:   000000019b4ba448 000000019b4ba4b0
0x000000019b4ba440:   000000010d2124e7 00000001190992e0
0x000000019b4ba450:   00007fd500001fa0 0000000000000001
0x000000019b4ba460:   00007fd5e3835000 000000010d21245f
0x000000019b4ba470:   000000000000000a 00007fd5e34181a0
0x000000019b4ba480:   000000019b4ba530 000000019b4ba808
0x000000019b4ba490:   000000000000000a 00000001105d4160
0x000000019b4ba4a0:   000000010d2222a0 000000019b4ba5f8 

Instructions: (pc=0x00007fff8fb92ac8)
0x00007fff8fb92aa8:   85 db 74 46 48 8b 73 38 b8 fe ff ff ff 48 85 f6
0x00007fff8fb92ab8:   74 38 48 8b 4b 48 b8 fe ff ff ff 48 85 c9 74 2a
0x00007fff8fb92ac8:   48 8b 46 40 48 85 c0 74 11 48 8b 7b 50 48 89 c6
0x00007fff8fb92ad8:   ff d1 48 8b 73 38 48 8b 4b 48 48 8b 7b 50 ff d1 

Register to memory mapping:

RAX=0x00000000fffffffe is an unknown value
RBX=0x00007fd5e341fa00 is an unknown value
RCX=0x00007fff8fb94f98: zError+0x2b in /usr/lib/libz.1.dylib at 0x00007fff8fb8c000
RDX=0x00007fd5e341fa00 is an unknown value
RSP=0x000000019b4ba2b0 is pointing into the stack for thread: 0x00007fd5e3835000
RBP=0x000000019b4ba2c0 is pointing into the stack for thread: 0x00007fd5e3835000
RSI=0x00000000036784c0 is an unknown value
RDI=0x00007fd5e341fa00 is an unknown value
R8 =0x000000010d2222a0 is at code_begin+0 in an Interpreter codelet
method entry point (kind = zerolocals)  [0x000000010d2222a0, 0x000000010d2225e0]  832 bytes
R9 =0x000000019b4ba5f8 is pointing into the stack for thread: 0x00007fd5e3835000
R10=0x000000010d22470c is at code_begin+620 in an Interpreter codelet
method entry point (kind = native)  [0x000000010d2244a0, 0x000000010d224ce0]  2112 bytes
R11=0x000000010ca592a7: throw_unsatisfied_link_error+0 in /Library/Java/JavaVirtualMachines/jdk1.7.0_51.jdk/Contents/Home/jre/lib/server/libjvm.dylib at 0x000000010c5e9000
R12=0x0000000000000000 is an unknown value
R13=0x00000001105d4900 is an oop
{method} 
 - klass: {other class}
R14=0x00007fd5e38351e8 is an unknown value
R15=0x00007fd5e3835000 is a thread


Stack: [0x000000019b3bb000,0x000000019b4bb000],  sp=0x000000019b4ba2b0,  free space=1020k
Native frames: (J=compiled Java code, j=interpreted, Vv=VM code, C=native code)
C  [libz.1.dylib+0x6ac8]  inflateEnd+0x2f
C  [libzip.dylib+0x1b9a]  Java_java_util_zip_Inflater_end+0x15
j  java.util.zip.Inflater.end(J)V+0
j  java.util.zip.Inflater.end()V+29
j  java.util.zip.Inflater.finalize()V+1
v  ~StubRoutines::call_stub
V  [libjvm.dylib+0x2d6bb0]
V  [libjvm.dylib+0x2d6980]
V  [libjvm.dylib+0x30a425]
V  [libjvm.dylib+0x2fdf96]
C  [libjava.dylib+0x299c]  Java_java_lang_ref_Finalizer_invokeFinalizeMethod+0x58
j  java.lang.ref.Finalizer.invokeFinalizeMethod(Ljava/lang/Object;)V+0
j  java.lang.ref.Finalizer.runFinalizer()V+45
j  java.lang.ref.Finalizer.access$100(Ljava/lang/ref/Finalizer;)V+1
j  java.lang.ref.Finalizer$FinalizerThread.run()V+24
v  ~StubRoutines::call_stub
V  [libjvm.dylib+0x2d6bb0]
V  [libjvm.dylib+0x2d70c7]
V  [libjvm.dylib+0x2d7204]
V  [libjvm.dylib+0x3261ea]
V  [libjvm.dylib+0x4efb57]
V  [libjvm.dylib+0x4f125f]
V  [libjvm.dylib+0x41b1d6]
C  [libsystem_c.dylib+0x147a2]  _pthread_start+0x147
C  [libsystem_c.dylib+0x11e1]  thread_start+0xd

Java frames: (J=compiled Java code, j=interpreted, Vv=VM code)
j  java.util.zip.Inflater.end(J)V+0
j  java.util.zip.Inflater.end()V+29
j  java.util.zip.Inflater.finalize()V+1
v  ~StubRoutines::call_stub
j  java.lang.ref.Finalizer.invokeFinalizeMethod(Ljava/lang/Object;)V+0
j  java.lang.ref.Finalizer.runFinalizer()V+45
j  java.lang.ref.Finalizer.access$100(Ljava/lang/ref/Finalizer;)V+1
j  java.lang.ref.Finalizer$FinalizerThread.run()V+24
v  ~StubRoutines::call_stub

---------------  P R O C E S S  ---------------

Java Threads: ( => current thread )
  0x00007fd5e3a2a800 JavaThread "AWT-EventQueue-0" [_thread_blocked, id=47619, stack(0x00000001a0e6a000,0x00000001a0f6a000)]
  0x00007fd5e4a50800 JavaThread "TimerQueue" daemon [_thread_blocked, id=42755, stack(0x00000001a033d000,0x00000001a043d000)]
  0x00007fd5e39ba800 JavaThread "Java2D Disposer" daemon [_thread_blocked, id=42243, stack(0x00000001a01d3000,0x00000001a02d3000)]
  0x00007fd5e4989800 JavaThread "Java2D Queue Flusher" daemon [_thread_blocked, id=38175, stack(0x000000019f9c0000,0x000000019fac0000)]
  0x00007fd5e4995800 JavaThread "AWT-Shutdown" [_thread_blocked, id=28675, stack(0x000000019d210000,0x000000019d310000)]
  0x00007fd5e49b6000 JavaThread "AppKit Thread" daemon [_thread_in_native, id=1799, stack(0x00007fff52f44000,0x00007fff53744000)]
  0x00007fd5e3844800 JavaThread "Service Thread" daemon [_thread_blocked, id=22787, stack(0x000000019ba19000,0x000000019bb19000)]
  0x00007fd5e3844000 JavaThread "C2 CompilerThread1" daemon [_thread_blocked, id=22275, stack(0x000000019b916000,0x000000019ba16000)]
  0x00007fd5e3837000 JavaThread "C2 CompilerThread0" daemon [_thread_blocked, id=21763, stack(0x000000019b813000,0x000000019b913000)]
  0x00007fd5e4850000 JavaThread "Signal Dispatcher" daemon [_thread_blocked, id=21251, stack(0x000000019b710000,0x000000019b810000)]
=>0x00007fd5e3835000 JavaThread "Finalizer" daemon [_thread_in_native, id=16387, stack(0x000000019b3bb000,0x000000019b4bb000)]
  0x00007fd5e3832800 JavaThread "Reference Handler" daemon [_thread_blocked, id=15875, stack(0x000000019b2b8000,0x000000019b3b8000)]
  0x00007fd5e4803000 JavaThread "main" [_thread_in_vm, id=6403, stack(0x000000010d03d000,0x000000010d13d000)]

Other Threads:
  0x00007fd5e4833000 VMThread [stack: 0x000000019b1b5000,0x000000019b2b5000] [id=15363]
  0x00007fd5e4839800 WatcherThread [stack: 0x000000019bb1c000,0x000000019bc1c000] [id=23299]

VM state:not at safepoint (normal execution)

VM Mutex/Monitor currently owned by a thread: None

Heap
 PSYoungGen      total 152576K, used 22688K [0x000000016aa80000, 0x000000017ee80000, 0x0000000195580000)
  eden space 133632K, 2% used [0x000000016aa80000,0x000000016ae29ff8,0x0000000172d00000)
  from space 18944K, 99% used [0x0000000172d00000,0x0000000173f7e2b0,0x0000000173f80000)
  to   space 32256K, 0% used [0x000000017cf00000,0x000000017cf00000,0x000000017ee80000)
 ParOldGen       total 87040K, used 60552K [0x0000000115580000, 0x000000011aa80000, 0x000000016aa80000)
  object space 87040K, 69% used [0x0000000115580000,0x00000001190a23c8,0x000000011aa80000)
 PSPermGen       total 21504K, used 13674K [0x0000000110380000, 0x0000000111880000, 0x0000000115580000)
  object space 21504K, 63% used [0x0000000110380000,0x00000001110daab8,0x0000000111880000)

Card table byte_map: [0x0000000195580000,0x00000001959aa000] byte_map_base: 0x0000000194cfe400

Polling page: 0x000000010d17c000

Code Cache  [0x000000010d212000, 0x000000010d482000, 0x0000000110212000)
 total_blobs=647 nmethods=203 adapters=398 free_code_cache=48245Kb largest_free_block=49377856

Compilation events (10 events):
Event: 13.940 Thread 0x00007fd5e3844000  200             sun.reflect.UnsafeLongFieldAccessorImpl::set (166 bytes)
Event: 13.943 Thread 0x00007fd5e3844000 nmethod 200 0x000000010d2f4050 code [0x000000010d2f41e0, 0x000000010d2f44b8]
Event: 13.956 Thread 0x00007fd5e3844000  201             sun.reflect.UnsafeQualifiedBooleanFieldAccessorImpl::get (13 bytes)
Event: 13.959 Thread 0x00007fd5e3844000 nmethod 201 0x000000010d2f3ad0 code [0x000000010d2f3c40, 0x000000010d2f3e08]
Event: 13.959 Thread 0x00007fd5e3844000  202             sun.reflect.UnsafeQualifiedBooleanFieldAccessorImpl::getBoolean (18 bytes)
Event: 13.960 Thread 0x00007fd5e3844000 nmethod 202 0x000000010d2f3690 code [0x000000010d2f37e0, 0x000000010d2f3928]
Event: 13.960 Thread 0x00007fd5e3844000  203             sun.reflect.UnsafeQualifiedBooleanFieldAccessorImpl::set (59 bytes)
Event: 13.963 Thread 0x00007fd5e3844000 nmethod 203 0x000000010d2f7190 code [0x000000010d2f7300, 0x000000010d2f74f8]
Event: 13.968 Thread 0x00007fd5e3844000  204             com.rits.cloning.FastClonerConcurrentHashMap::clone (93 bytes)
Event: 13.999 Thread 0x00007fd5e3844000 nmethod 204 0x000000010d2f9010 code [0x000000010d2f9220, 0x000000010d2f9d48]

GC Heap History (10 events):
Event: 6.255 GC heap before
{Heap before GC invocations=3 (full 0):
 PSYoungGen      total 38912K, used 38897K [0x000000016aa80000, 0x000000016f680000, 0x0000000195580000)
  eden space 33792K, 100% used [0x000000016aa80000,0x000000016cb80000,0x000000016cb80000)
  from space 5120K, 99% used [0x000000016d080000,0x000000016d57c6f0,0x000000016d580000)
  to   space 5120K, 0% used [0x000000016cb80000,0x000000016cb80000,0x000000016d080000)
 ParOldGen       total 87040K, used 11372K [0x0000000115580000, 0x000000011aa80000, 0x000000016aa80000)
  object space 87040K, 13% used [0x0000000115580000,0x000000011609b190,0x000000011aa80000)
 PSPermGen       total 21504K, used 13652K [0x0000000110380000, 0x0000000111880000, 0x0000000115580000)
  object space 21504K, 63% used [0x0000000110380000,0x00000001110d51f0,0x0000000111880000)
Event: 6.282 GC heap after
Heap after GC invocations=3 (full 0):
 PSYoungGen      total 38912K, used 5089K [0x000000016aa80000, 0x000000016f680000, 0x0000000195580000)
  eden space 33792K, 0% used [0x000000016aa80000,0x000000016aa80000,0x000000016cb80000)
  from space 5120K, 99% used [0x000000016cb80000,0x000000016d078700,0x000000016d080000)
  to   space 5120K, 0% used [0x000000016f180000,0x000000016f180000,0x000000016f680000)
 ParOldGen       total 87040K, used 17762K [0x0000000115580000, 0x000000011aa80000, 0x000000016aa80000)
  object space 87040K, 20% used [0x0000000115580000,0x00000001166d88e0,0x000000011aa80000)
 PSPermGen       total 21504K, used 13652K [0x0000000110380000, 0x0000000111880000, 0x0000000115580000)
  object space 21504K, 63% used [0x0000000110380000,0x00000001110d51f0,0x0000000111880000)
}
Event: 7.306 GC heap before
{Heap before GC invocations=4 (full 0):
 PSYoungGen      total 38912K, used 38881K [0x000000016aa80000, 0x000000016f680000, 0x0000000195580000)
  eden space 33792K, 100% used [0x000000016aa80000,0x000000016cb80000,0x000000016cb80000)
  from space 5120K, 99% used [0x000000016cb80000,0x000000016d078700,0x000000016d080000)
  to   space 5120K, 0% used [0x000000016f180000,0x000000016f180000,0x000000016f680000)
 ParOldGen       total 87040K, used 17762K [0x0000000115580000, 0x000000011aa80000, 0x000000016aa80000)
  object space 87040K, 20% used [0x0000000115580000,0x00000001166d88e0,0x000000011aa80000)
 PSPermGen       total 21504K, used 13658K [0x0000000110380000, 0x0000000111880000, 0x0000000115580000)
  object space 21504K, 63% used [0x0000000110380000,0x00000001110d6928,0x0000000111880000)
Event: 7.333 GC heap after
Heap after GC invocations=4 (full 0):
 PSYoungGen      total 72704K, used 5089K [0x000000016aa80000, 0x000000016f680000, 0x0000000195580000)
  eden space 67584K, 0% used [0x000000016aa80000,0x000000016aa80000,0x000000016ec80000)
  from space 5120K, 99% used [0x000000016f180000,0x000000016f678700,0x000000016f680000)
  to   space 5120K, 0% used [0x000000016ec80000,0x000000016ec80000,0x000000016f180000)
 ParOldGen       total 87040K, used 24700K [0x0000000115580000, 0x000000011aa80000, 0x000000016aa80000)
  object space 87040K, 28% used [0x0000000115580000,0x0000000116d9f238,0x000000011aa80000)
 PSPermGen       total 21504K, used 13658K [0x0000000110380000, 0x0000000111880000, 0x0000000115580000)
  object space 21504K, 63% used [0x0000000110380000,0x00000001110d6928,0x0000000111880000)
}
Event: 9.311 GC heap before
{Heap before GC invocations=5 (full 0):
 PSYoungGen      total 72704K, used 72673K [0x000000016aa80000, 0x000000016f680000, 0x0000000195580000)
  eden space 67584K, 100% used [0x000000016aa80000,0x000000016ec80000,0x000000016ec80000)
  from space 5120K, 99% used [0x000000016f180000,0x000000016f678700,0x000000016f680000)
  to   space 5120K, 0% used [0x000000016ec80000,0x000000016ec80000,0x000000016f180000)
 ParOldGen       total 87040K, used 24700K [0x0000000115580000, 0x000000011aa80000, 0x000000016aa80000)
  object space 87040K, 28% used [0x0000000115580000,0x0000000116d9f238,0x000000011aa80000)
 PSPermGen       total 21504K, used 13663K [0x0000000110380000, 0x0000000111880000, 0x0000000115580000)
  object space 21504K, 63% used [0x0000000110380000,0x00000001110d7de0,0x0000000111880000)
Event: 9.348 GC heap after
Heap after GC invocations=5 (full 0):
 PSYoungGen      total 72704K, used 5105K [0x000000016aa80000, 0x0000000175080000, 0x0000000195580000)
  eden space 67584K, 0% used [0x000000016aa80000,0x000000016aa80000,0x000000016ec80000)
  from space 5120K, 99% used [0x000000016ec80000,0x000000016f17c710,0x000000016f180000)
  to   space 17408K, 0% used [0x0000000173f80000,0x0000000173f80000,0x0000000175080000)
 ParOldGen       total 87040K, used 37229K [0x0000000115580000, 0x000000011aa80000, 0x000000016aa80000)
  object space 87040K, 42% used [0x0000000115580000,0x00000001179db680,0x000000011aa80000)
 PSPermGen       total 21504K, used 13663K [0x0000000110380000, 0x0000000111880000, 0x0000000115580000)
  object space 21504K, 63% used [0x0000000110380000,0x00000001110d7de0,0x0000000111880000)
}
Event: 11.285 GC heap before
{Heap before GC invocations=6 (full 0):
 PSYoungGen      total 72704K, used 72689K [0x000000016aa80000, 0x0000000175080000, 0x0000000195580000)
  eden space 67584K, 100% used [0x000000016aa80000,0x000000016ec80000,0x000000016ec80000)
  from space 5120K, 99% used [0x000000016ec80000,0x000000016f17c710,0x000000016f180000)
  to   space 17408K, 0% used [0x0000000173f80000,0x0000000173f80000,0x0000000175080000)
 ParOldGen       total 87040K, used 37229K [0x0000000115580000, 0x000000011aa80000, 0x000000016aa80000)
  object space 87040K, 42% used [0x0000000115580000,0x00000001179db680,0x000000011aa80000)
 PSPermGen       total 21504K, used 13667K [0x0000000110380000, 0x0000000111880000, 0x0000000115580000)
  object space 21504K, 63% used [0x0000000110380000,0x00000001110d8f18,0x0000000111880000)
Event: 11.320 GC heap after
Heap after GC invocations=6 (full 0):
 PSYoungGen      total 151040K, used 16967K [0x000000016aa80000, 0x0000000175380000, 0x0000000195580000)
  eden space 133632K, 0% used [0x000000016aa80000,0x000000016aa80000,0x0000000172d00000)
  from space 17408K, 97% used [0x0000000173f80000,0x0000000175011e20,0x0000000175080000)
  to   space 18944K, 0% used [0x0000000172d00000,0x0000000172d00000,0x0000000173f80000)
 ParOldGen       total 87040K, used 38206K [0x0000000115580000, 0x000000011aa80000, 0x000000016aa80000)
  object space 87040K, 43% used [0x0000000115580000,0x0000000117acf8d0,0x000000011aa80000)
 PSPermGen       total 21504K, used 13667K [0x0000000110380000, 0x0000000111880000, 0x0000000115580000)
  object space 21504K, 63% used [0x0000000110380000,0x00000001110d8f18,0x0000000111880000)
}
Event: 15.188 GC heap before
{Heap before GC invocations=7 (full 0):
 PSYoungGen      total 151040K, used 150599K [0x000000016aa80000, 0x0000000175380000, 0x0000000195580000)
  eden space 133632K, 100% used [0x000000016aa80000,0x0000000172d00000,0x0000000172d00000)
  from space 17408K, 97% used [0x0000000173f80000,0x0000000175011e20,0x0000000175080000)
  to   space 18944K, 0% used [0x0000000172d00000,0x0000000172d00000,0x0000000173f80000)
 ParOldGen       total 87040K, used 38206K [0x0000000115580000, 0x000000011aa80000, 0x000000016aa80000)
  object space 87040K, 43% used [0x0000000115580000,0x0000000117acf8d0,0x000000011aa80000)
 PSPermGen       total 21504K, used 13673K [0x0000000110380000, 0x0000000111880000, 0x0000000115580000)
  object space 21504K, 63% used [0x0000000110380000,0x00000001110da4b0,0x0000000111880000)
Event: 15.259 GC heap after
Heap after GC invocations=7 (full 0):
 PSYoungGen      total 152576K, used 18936K [0x000000016aa80000, 0x000000017ee80000, 0x0000000195580000)
  eden space 133632K, 0% used [0x000000016aa80000,0x000000016aa80000,0x0000000172d00000)
  from space 18944K, 99% used [0x0000000172d00000,0x0000000173f7e2b0,0x0000000173f80000)
  to   space 32256K, 0% used [0x000000017cf00000,0x000000017cf00000,0x000000017ee80000)
 ParOldGen       total 87040K, used 60552K [0x0000000115580000, 0x000000011aa80000, 0x000000016aa80000)
  object space 87040K, 69% used [0x0000000115580000,0x00000001190a23c8,0x000000011aa80000)
 PSPermGen       total 21504K, used 13673K [0x0000000110380000, 0x0000000111880000, 0x0000000115580000)
  object space 21504K, 63% used [0x0000000110380000,0x00000001110da4b0,0x0000000111880000)
}

Deoptimization events (10 events):
Event: 3.220 Thread 0x00007fd5e4803000 Uncommon trap: reason=class_check action=maybe_recompile pc=0x000000010d2bafb0 method=java.lang.reflect.Array.newInstance(Ljava/lang/Class;I)Ljava/lang/Object; @ 2
Event: 3.226 Thread 0x00007fd5e4803000 Uncommon trap: reason=class_check action=maybe_recompile pc=0x000000010d2bafb0 method=java.lang.reflect.Array.newInstance(Ljava/lang/Class;I)Ljava/lang/Object; @ 2
Event: 3.231 Thread 0x00007fd5e4803000 Uncommon trap: reason=class_check action=maybe_recompile pc=0x000000010d2bafb0 method=java.lang.reflect.Array.newInstance(Ljava/lang/Class;I)Ljava/lang/Object; @ 2
Event: 3.236 Thread 0x00007fd5e4803000 Uncommon trap: reason=class_check action=maybe_recompile pc=0x000000010d2bafb0 method=java.lang.reflect.Array.newInstance(Ljava/lang/Class;I)Ljava/lang/Object; @ 2
Event: 3.332 Thread 0x00007fd5e4803000 Uncommon trap: reason=null_check action=make_not_entrant pc=0x000000010d2c0250 method=com.rits.cloning.Cloner.fastClone(Ljava/lang/Object;Ljava/util/Map;)Ljava/lang/Object; @ 15
Event: 3.422 Thread 0x00007fd5e4803000 Uncommon trap: reason=null_check action=make_not_entrant pc=0x000000010d2c8644 method=com.rits.cloning.Cloner.allFields(Ljava/lang/Class;)Ljava/util/List; @ 8
Event: 11.325 Thread 0x00007fd5e3835000 Uncommon trap: reason=class_check action=maybe_recompile pc=0x000000010d2d9278 method=java.util.concurrent.ConcurrentHashMap.get(Ljava/lang/Object;)Ljava/lang/Object; @ 117
Event: 11.326 Thread 0x00007fd5e3835000 Uncommon trap: reason=class_check action=maybe_recompile pc=0x000000010d2d9278 method=java.util.concurrent.ConcurrentHashMap.get(Ljava/lang/Object;)Ljava/lang/Object; @ 117
Event: 11.327 Thread 0x00007fd5e3835000 Uncommon trap: reason=class_check action=maybe_recompile pc=0x000000010d2d9278 method=java.util.concurrent.ConcurrentHashMap.get(Ljava/lang/Object;)Ljava/lang/Object; @ 117
Event: 11.327 Thread 0x00007fd5e3835000 Uncommon trap: reason=class_check action=maybe_recompile pc=0x000000010d2d9278 method=java.util.concurrent.ConcurrentHashMap.get(Ljava/lang/Object;)Ljava/lang/Object; @ 117

Internal exceptions (10 events):
Event: 15.266 Thread 0x00007fd5e3835000 Threw 0x000000016acd9868 at /HUDSON/workspace/7u-2-build-macosx-x86_64/jdk7u51/527/hotspot/src/share/vm/prims/jni.cpp:717
Event: 15.266 Thread 0x00007fd5e3835000 Threw 0x000000016acd9a00 at /HUDSON/workspace/7u-2-build-macosx-x86_64/jdk7u51/527/hotspot/src/share/vm/prims/jni.cpp:717
Event: 15.266 Thread 0x00007fd5e3835000 Threw 0x000000016acd9b98 at /HUDSON/workspace/7u-2-build-macosx-x86_64/jdk7u51/527/hotspot/src/share/vm/prims/jni.cpp:717
Event: 15.266 Thread 0x00007fd5e3835000 Threw 0x000000016acd9d30 at /HUDSON/workspace/7u-2-build-macosx-x86_64/jdk7u51/527/hotspot/src/share/vm/prims/jni.cpp:717
Event: 15.266 Thread 0x00007fd5e3835000 Threw 0x000000016acd9ec8 at /HUDSON/workspace/7u-2-build-macosx-x86_64/jdk7u51/527/hotspot/src/share/vm/prims/jni.cpp:717
Event: 15.266 Thread 0x00007fd5e3835000 Threw 0x000000016acda060 at /HUDSON/workspace/7u-2-build-macosx-x86_64/jdk7u51/527/hotspot/src/share/vm/prims/jni.cpp:717
Event: 15.266 Thread 0x00007fd5e3835000 Threw 0x000000016acda1f8 at /HUDSON/workspace/7u-2-build-macosx-x86_64/jdk7u51/527/hotspot/src/share/vm/prims/jni.cpp:717
Event: 15.266 Thread 0x00007fd5e3835000 Threw 0x000000016acda390 at /HUDSON/workspace/7u-2-build-macosx-x86_64/jdk7u51/527/hotspot/src/share/vm/prims/jni.cpp:743
Event: 15.266 Thread 0x00007fd5e3835000 Threw 0x000000016acda4b0 at /HUDSON/workspace/7u-2-build-macosx-x86_64/jdk7u51/527/hotspot/src/share/vm/prims/jni.cpp:743
Event: 15.266 Thread 0x00007fd5e3835000 Threw 0x000000016acda5d0 at /HUDSON/workspace/7u-2-build-macosx-x86_64/jdk7u51/527/hotspot/src/share/vm/prims/jni.cpp:743

Events (10 events):
Event: 15.263 Executing VM operation: RevokeBias
Event: 15.263 Executing VM operation: RevokeBias done
Event: 15.263 Executing VM operation: RevokeBias
Event: 15.263 Executing VM operation: RevokeBias done
Event: 15.263 Executing VM operation: RevokeBias
Event: 15.263 Executing VM operation: RevokeBias done
Event: 15.263 Executing VM operation: BulkRevokeBias
Event: 15.263 Executing VM operation: BulkRevokeBias done
Event: 15.266 loading class 0x000000019a5674c0
Event: 15.266 loading class 0x000000019a5674c0 done


Dynamic libraries:
0x000000000d9dd000 	/System/Library/Frameworks/Cocoa.framework/Versions/A/Cocoa
0x000000000d9dd000 	/System/Library/Frameworks/Security.framework/Versions/A/Security
0x000000000d9dd000 	/System/Library/Frameworks/ApplicationServices.framework/Versions/A/ApplicationServices
0x000000000d9dd000 	/usr/lib/libz.1.dylib
0x000000000d9dd000 	/usr/lib/libSystem.B.dylib
0x000000000d9dd000 	/usr/lib/libobjc.A.dylib
0x000000000d9dd000 	/System/Library/Frameworks/CoreFoundation.framework/Versions/A/CoreFoundation
0x000000000d9dd000 	/System/Library/Frameworks/Foundation.framework/Versions/C/Foundation
0x000000000d9dd000 	/System/Library/Frameworks/AppKit.framework/Versions/C/AppKit
0x000000000d9dd000 	/System/Library/Frameworks/CoreData.framework/Versions/A/CoreData
0x000000000d9dd000 	/System/Library/PrivateFrameworks/RemoteViewServices.framework/Versions/A/RemoteViewServices
0x000000000d9dd000 	/System/Library/Frameworks/AudioToolbox.framework/Versions/A/AudioToolbox
0x000000000d9dd000 	/System/Library/Frameworks/AudioUnit.framework/Versions/A/AudioUnit
0x000000000d9dd000 	/System/Library/PrivateFrameworks/DataDetectorsCore.framework/Versions/A/DataDetectorsCore
0x000000000d9dd000 	/System/Library/PrivateFrameworks/DesktopServicesPriv.framework/Versions/A/DesktopServicesPriv
0x000000000d9dd000 	/System/Library/Frameworks/Carbon.framework/Versions/A/Frameworks/HIToolbox.framework/Versions/A/HIToolbox
0x000000000d9dd000 	/System/Library/Frameworks/QuartzCore.framework/Versions/A/QuartzCore
0x000000000d9dd000 	/System/Library/Frameworks/Carbon.framework/Versions/A/Frameworks/SpeechRecognition.framework/Versions/A/SpeechRecognition
0x000000000d9dd000 	/usr/lib/libauto.dylib
0x000000000d9dd000 	/usr/lib/libicucore.A.dylib
0x000000000d9dd000 	/usr/lib/libxml2.2.dylib
0x000000000d9dd000 	/System/Library/PrivateFrameworks/CoreUI.framework/Versions/A/CoreUI
0x000000000d9dd000 	/System/Library/Frameworks/CoreAudio.framework/Versions/A/CoreAudio
0x000000000d9dd000 	/System/Library/Frameworks/DiskArbitration.framework/Versions/A/DiskArbitration
0x000000000d9dd000 	/usr/lib/liblangid.dylib
0x000000000d9dd000 	/System/Library/PrivateFrameworks/MultitouchSupport.framework/Versions/A/MultitouchSupport
0x000000000d9dd000 	/System/Library/Frameworks/IOKit.framework/Versions/A/IOKit
0x000000000d9dd000 	/usr/lib/libDiagnosticMessagesClient.dylib
0x000000000d9dd000 	/System/Library/Frameworks/CoreServices.framework/Versions/A/CoreServices
0x000000000d9dd000 	/System/Library/PrivateFrameworks/PerformanceAnalysis.framework/Versions/A/PerformanceAnalysis
0x000000000d9dd000 	/System/Library/PrivateFrameworks/GenerationalStorage.framework/Versions/A/GenerationalStorage
0x000000000d9dd000 	/System/Library/Frameworks/OpenGL.framework/Versions/A/OpenGL
0x000000000d9dd000 	/System/Library/Frameworks/CoreText.framework/Versions/A/CoreText
0x000000000d9dd000 	/System/Library/Frameworks/ImageIO.framework/Versions/A/ImageIO
0x000000000d9dd000 	/System/Library/PrivateFrameworks/Backup.framework/Versions/A/Backup
0x000000000d9dd000 	/System/Library/Frameworks/CFNetwork.framework/Versions/A/CFNetwork
0x000000000d9dd000 	/System/Library/Frameworks/SystemConfiguration.framework/Versions/A/SystemConfiguration
0x000000000d9dd000 	/usr/lib/libCRFSuite.dylib
0x000000000d9dd000 	/System/Library/PrivateFrameworks/TCC.framework/Versions/A/TCC
0x000000000d9dd000 	/usr/lib/libc++.1.dylib
0x000000000d9dd000 	/usr/lib/libc++abi.dylib
0x000000000d9dd000 	/usr/lib/system/libcache.dylib
0x000000000d9dd000 	/usr/lib/system/libcommonCrypto.dylib
0x000000000d9dd000 	/usr/lib/system/libcompiler_rt.dylib
0x000000000d9dd000 	/usr/lib/system/libcopyfile.dylib
0x000000000d9dd000 	/usr/lib/system/libdispatch.dylib
0x000000000d9dd000 	/usr/lib/system/libdnsinfo.dylib
0x000000000d9dd000 	/usr/lib/system/libdyld.dylib
0x000000000d9dd000 	/usr/lib/system/libkeymgr.dylib
0x000000000d9dd000 	/usr/lib/system/liblaunch.dylib
0x000000000d9dd000 	/usr/lib/system/libmacho.dylib
0x000000000d9dd000 	/usr/lib/system/libquarantine.dylib
0x000000000d9dd000 	/usr/lib/system/libremovefile.dylib
0x000000000d9dd000 	/usr/lib/system/libsystem_blocks.dylib
0x000000000d9dd000 	/usr/lib/system/libsystem_c.dylib
0x000000000d9dd000 	/usr/lib/system/libsystem_dnssd.dylib
0x000000000d9dd000 	/usr/lib/system/libsystem_info.dylib
0x000000000d9dd000 	/usr/lib/system/libsystem_kernel.dylib
0x000000000d9dd000 	/usr/lib/system/libsystem_m.dylib
0x000000000d9dd000 	/usr/lib/system/libsystem_network.dylib
0x000000000d9dd000 	/usr/lib/system/libsystem_notify.dylib
0x000000000d9dd000 	/usr/lib/system/libsystem_sandbox.dylib
0x000000000d9dd000 	/usr/lib/system/libunc.dylib
0x000000000d9dd000 	/usr/lib/system/libunwind.dylib
0x000000000d9dd000 	/usr/lib/system/libxpc.dylib
0x000000000d9dd000 	/usr/lib/system/libcorecrypto.dylib
0x000000000d9dd000 	/usr/lib/libstdc++.6.dylib
0x000000000d9dd000 	/usr/lib/libbsm.0.dylib
0x000000000d9dd000 	/usr/lib/libsqlite3.dylib
0x000000000d9dd000 	/usr/lib/libxar.1.dylib
0x000000000d9dd000 	/usr/lib/libpam.2.dylib
0x000000000d9dd000 	/usr/lib/libOpenScriptingUtil.dylib
0x000000000d9dd000 	/usr/lib/libbz2.1.0.dylib
0x000000000d9dd000 	/System/Library/Frameworks/CoreServices.framework/Versions/A/Frameworks/CarbonCore.framework/Versions/A/CarbonCore
0x000000000d9dd000 	/System/Library/Frameworks/CoreServices.framework/Versions/A/Frameworks/Metadata.framework/Versions/A/Metadata
0x000000000d9dd000 	/System/Library/Frameworks/CoreServices.framework/Versions/A/Frameworks/OSServices.framework/Versions/A/OSServices
0x000000000d9dd000 	/System/Library/Frameworks/CoreServices.framework/Versions/A/Frameworks/SearchKit.framework/Versions/A/SearchKit
0x000000000d9dd000 	/System/Library/Frameworks/CoreServices.framework/Versions/A/Frameworks/AE.framework/Versions/A/AE
0x000000000d9dd000 	/System/Library/Frameworks/CoreServices.framework/Versions/A/Frameworks/LaunchServices.framework/Versions/A/LaunchServices
0x000000000d9dd000 	/System/Library/Frameworks/CoreServices.framework/Versions/A/Frameworks/DictionaryServices.framework/Versions/A/DictionaryServices
0x000000000d9dd000 	/System/Library/Frameworks/NetFS.framework/Versions/A/NetFS
0x000000000d9dd000 	/usr/lib/system/libkxld.dylib
0x000000000d9dd000 	/System/Library/PrivateFrameworks/NetAuth.framework/Versions/A/NetAuth
0x000000000d9dd000 	/System/Library/Frameworks/OpenDirectory.framework/Versions/A/Frameworks/CFOpenDirectory.framework/Versions/A/CFOpenDirectory
0x000000000d9dd000 	/usr/lib/libxslt.1.dylib
0x000000000d9dd000 	/System/Library/PrivateFrameworks/FamilyControls.framework/Versions/A/FamilyControls
0x000000000d9dd000 	/System/Library/Frameworks/Carbon.framework/Versions/A/Frameworks/Ink.framework/Versions/A/Ink
0x000000000d9dd000 	/System/Library/Frameworks/ApplicationServices.framework/Versions/A/Frameworks/CoreGraphics.framework/Versions/A/CoreGraphics
0x000000000d9dd000 	/System/Library/Frameworks/ApplicationServices.framework/Versions/A/Frameworks/ATS.framework/Versions/A/ATS
0x000000000d9dd000 	/System/Library/Frameworks/ApplicationServices.framework/Versions/A/Frameworks/ColorSync.framework/Versions/A/ColorSync
0x000000000d9dd000 	/System/Library/Frameworks/ApplicationServices.framework/Versions/A/Frameworks/HIServices.framework/Versions/A/HIServices
0x000000000d9dd000 	/System/Library/Frameworks/ApplicationServices.framework/Versions/A/Frameworks/LangAnalysis.framework/Versions/A/LangAnalysis
0x000000000d9dd000 	/System/Library/Frameworks/ApplicationServices.framework/Versions/A/Frameworks/PrintCore.framework/Versions/A/PrintCore
0x000000000d9dd000 	/System/Library/Frameworks/ApplicationServices.framework/Versions/A/Frameworks/QD.framework/Versions/A/QD
0x000000000d9dd000 	/System/Library/Frameworks/ApplicationServices.framework/Versions/A/Frameworks/SpeechSynthesis.framework/Versions/A/SpeechSynthesis
0x000000000d9dd000 	/System/Library/Frameworks/IOSurface.framework/Versions/A/IOSurface
0x000000000d9dd000 	/System/Library/Frameworks/Accelerate.framework/Versions/A/Accelerate
0x000000000d9dd000 	/System/Library/Frameworks/ApplicationServices.framework/Versions/A/Frameworks/ATS.framework/Versions/A/Resources/libFontParser.dylib
0x000000000d9dd000 	/System/Library/Frameworks/ApplicationServices.framework/Versions/A/Frameworks/ATS.framework/Versions/A/Resources/libFontRegistry.dylib
0x000000000d9dd000 	/System/Library/Frameworks/Accelerate.framework/Versions/A/Frameworks/vImage.framework/Versions/A/vImage
0x000000000d9dd000 	/System/Library/Frameworks/Accelerate.framework/Versions/A/Frameworks/vecLib.framework/Versions/A/vecLib
0x000000000d9dd000 	/System/Library/Frameworks/Accelerate.framework/Versions/A/Frameworks/vecLib.framework/Versions/A/libvDSP.dylib
0x000000000d9dd000 	/System/Library/Frameworks/Accelerate.framework/Versions/A/Frameworks/vecLib.framework/Versions/A/libvMisc.dylib
0x000000000d9dd000 	/System/Library/Frameworks/Accelerate.framework/Versions/A/Frameworks/vecLib.framework/Versions/A/libLAPACK.dylib
0x000000000d9dd000 	/System/Library/Frameworks/Accelerate.framework/Versions/A/Frameworks/vecLib.framework/Versions/A/libBLAS.dylib
0x000000000d9dd000 	/System/Library/Frameworks/ImageIO.framework/Versions/A/Resources/libJPEG.dylib
0x000000000d9dd000 	/System/Library/Frameworks/ImageIO.framework/Versions/A/Resources/libTIFF.dylib
0x000000000d9dd000 	/System/Library/Frameworks/ImageIO.framework/Versions/A/Resources/libPng.dylib
0x000000000d9dd000 	/System/Library/Frameworks/ImageIO.framework/Versions/A/Resources/libGIF.dylib
0x000000000d9dd000 	/System/Library/Frameworks/ImageIO.framework/Versions/A/Resources/libJP2.dylib
0x000000000d9dd000 	/System/Library/Frameworks/ImageIO.framework/Versions/A/Resources/libRadiance.dylib
0x000000000d9dd000 	/usr/lib/libcups.2.dylib
0x000000000d9dd000 	/System/Library/Frameworks/Kerberos.framework/Versions/A/Kerberos
0x000000000d9dd000 	/System/Library/Frameworks/GSS.framework/Versions/A/GSS
0x000000000d9dd000 	/usr/lib/libresolv.9.dylib
0x000000000d9dd000 	/usr/lib/libiconv.2.dylib
0x000000000d9dd000 	/System/Library/PrivateFrameworks/Heimdal.framework/Versions/A/Heimdal
0x000000000d9dd000 	/System/Library/PrivateFrameworks/TrustEvaluationAgent.framework/Versions/A/TrustEvaluationAgent
0x000000000d9dd000 	/System/Library/Frameworks/OpenDirectory.framework/Versions/A/OpenDirectory
0x000000000d9dd000 	/System/Library/PrivateFrameworks/CommonAuth.framework/Versions/A/CommonAuth
0x000000000d9dd000 	/System/Library/PrivateFrameworks/Bom.framework/Versions/A/Bom
0x000000000d9dd000 	/System/Library/Frameworks/CoreVideo.framework/Versions/A/CoreVideo
0x000000000d9dd000 	/System/Library/Frameworks/QuartzCore.framework/Versions/A/Frameworks/CoreImage.framework/Versions/A/CoreImage
0x000000000d9dd000 	/System/Library/Frameworks/QuartzCore.framework/Versions/A/Frameworks/ScalableUserInterface.framework/Versions/A/ScalableUserInterface
0x000000000d9dd000 	/System/Library/Frameworks/OpenGL.framework/Versions/A/Libraries/libGLU.dylib
0x000000000d9dd000 	/System/Library/Frameworks/OpenGL.framework/Versions/A/Libraries/libGFXShared.dylib
0x000000000d9dd000 	/System/Library/Frameworks/OpenGL.framework/Versions/A/Libraries/libGL.dylib
0x000000000d9dd000 	/System/Library/Frameworks/OpenGL.framework/Versions/A/Libraries/libGLImage.dylib
0x000000000d9dd000 	/System/Library/Frameworks/OpenGL.framework/Versions/A/Libraries/libCVMSPluginSupport.dylib
0x000000000d9dd000 	/System/Library/Frameworks/OpenGL.framework/Versions/A/Libraries/libCoreVMClient.dylib
0x000000000d9dd000 	/System/Library/PrivateFrameworks/CrashReporterSupport.framework/Versions/A/CrashReporterSupport
0x000000000d9dd000 	/System/Library/Frameworks/OpenCL.framework/Versions/A/OpenCL
0x000000000d9dd000 	/System/Library/PrivateFrameworks/FaceCoreLight.framework/Versions/A/FaceCoreLight
0x000000000d9dd000 	/System/Library/PrivateFrameworks/AppleFSCompression.framework/Versions/A/AppleFSCompression
0x000000000d9dd000 	/System/Library/PrivateFrameworks/Ubiquity.framework/Versions/A/Ubiquity
0x000000000d9dd000 	/System/Library/Frameworks/ServiceManagement.framework/Versions/A/ServiceManagement
0x000000000d9dd000 	/System/Library/PrivateFrameworks/ChunkingLibrary.framework/Versions/A/ChunkingLibrary
0x000000000d9dd000 	/System/Library/Frameworks/vecLib.framework/Versions/A/vecLib
0x000000000d9dd000 	/System/Library/Frameworks/SecurityFoundation.framework/Versions/A/SecurityFoundation
0x000000000d9dd000 	/System/Library/PrivateFrameworks/CommerceKit.framework/Versions/A/Frameworks/CommerceCore.framework/Versions/A/CommerceCore
0x000000000d9dd000 	/System/Library/PrivateFrameworks/CoreSymbolication.framework/Versions/A/CoreSymbolication
0x000000000d9dd000 	/System/Library/PrivateFrameworks/Symbolication.framework/Versions/A/Symbolication
0x000000000d9dd000 	/System/Library/PrivateFrameworks/DebugSymbols.framework/Versions/A/DebugSymbols
0x000000010c5e9000 	/Library/Java/JavaVirtualMachines/jdk1.7.0_51.jdk/Contents/Home/jre/lib/server/libjvm.dylib
0x000000010d13f000 	/Library/Java/JavaVirtualMachines/jdk1.7.0_51.jdk/Contents/Home/jre/lib/libverify.dylib
0x000000010d14c000 	/Library/Java/JavaVirtualMachines/jdk1.7.0_51.jdk/Contents/Home/jre/lib/libjava.dylib
0x000000010d209000 	/Library/Java/JavaVirtualMachines/jdk1.7.0_51.jdk/Contents/Home/jre/lib/libzip.dylib
0x000000019b4bd000 	/System/Library/Frameworks/JavaVM.framework/Frameworks/JavaRuntimeSupport.framework/JavaRuntimeSupport
0x000000019b4d5000 	/System/Library/Frameworks/JavaVM.framework/Versions/A/Frameworks/JavaNativeFoundation.framework/Versions/A/JavaNativeFoundation
0x000000019b4ea000 	/System/Library/Frameworks/JavaVM.framework/Versions/A/JavaVM
0x000000000d9dd000 	/System/Library/Frameworks/Carbon.framework/Versions/A/Carbon
0x000000019b4f7000 	/System/Library/PrivateFrameworks/JavaLaunching.framework/Versions/A/JavaLaunching
0x000000000d9dd000 	/System/Library/Frameworks/Carbon.framework/Versions/A/Frameworks/CommonPanels.framework/Versions/A/CommonPanels
0x000000000d9dd000 	/System/Library/Frameworks/Carbon.framework/Versions/A/Frameworks/Help.framework/Versions/A/Help
0x000000000d9dd000 	/System/Library/Frameworks/Carbon.framework/Versions/A/Frameworks/ImageCapture.framework/Versions/A/ImageCapture
0x000000000d9dd000 	/System/Library/Frameworks/Carbon.framework/Versions/A/Frameworks/OpenScripting.framework/Versions/A/OpenScripting
0x000000000d9dd000 	/System/Library/Frameworks/Carbon.framework/Versions/A/Frameworks/Print.framework/Versions/A/Print
0x000000000d9dd000 	/System/Library/Frameworks/Carbon.framework/Versions/A/Frameworks/SecurityHI.framework/Versions/A/SecurityHI
0x000000019bc68000 	/Library/Java/JavaVirtualMachines/jdk1.7.0_51.jdk/Contents/Home/jre/lib/libnio.dylib
0x000000019bc77000 	/Library/Java/JavaVirtualMachines/jdk1.7.0_51.jdk/Contents/Home/jre/lib/./libnet.dylib
0x000000019bd36000 	/Library/Java/JavaVirtualMachines/jdk1.7.0_51.jdk/Contents/Home/jre/lib/libawt.dylib
0x000000019bde5000 	/Library/Java/JavaVirtualMachines/jdk1.7.0_51.jdk/Contents/Home/jre/lib/./libmlib_image.dylib
0x000000019beb1000 	/Library/Java/JavaVirtualMachines/jdk1.7.0_51.jdk/Contents/Home/jre/lib/lwawt/liblwawt.dylib
0x000000019bf65000 	/Library/Java/JavaVirtualMachines/jdk1.7.0_51.jdk/Contents/Home/jre/lib/libosxapp.dylib
0x000000019bf7f000 	/System/Library/Frameworks/ExceptionHandling.framework/Versions/A/ExceptionHandling
0x000000000d9dd000 	/System/Library/PrivateFrameworks/CoreServicesInternal.framework/Versions/A/CoreServicesInternal
0x000000000d9dd000 	/System/Library/PrivateFrameworks/Librarian.framework/Versions/A/Librarian
0x000000000d9dd000 	/System/Library/Frameworks/ApplicationServices.framework/Versions/A/Frameworks/CoreGraphics.framework/Versions/A/Resources/libCSync.A.dylib
0x000000000d9dd000 	/System/Library/Frameworks/ApplicationServices.framework/Versions/A/Frameworks/CoreGraphics.framework/Versions/A/Resources/libRIP.A.dylib
0x000000000d9dd000 	/System/Library/Frameworks/ApplicationServices.framework/Versions/A/Frameworks/CoreGraphics.framework/Versions/A/Resources/libCGXType.A.dylib
0x000000019fac2000 	/System/Library/Frameworks/OpenGL.framework/Resources/GLEngine.bundle/GLEngine
0x000000019fcb7000 	/System/Library/Frameworks/OpenGL.framework/Versions/A/Libraries/libGLProgrammability.dylib
0x0000000000000000 	/System/Library/Extensions/GeForceGLDriver.bundle/Contents/MacOS/GeForceGLDriver
0x000000019d342000 	/System/Library/PrivateFrameworks/GPUSupport.framework/Versions/A/Libraries/libGPUSupport.dylib
0x000000000d9dd000 	/System/Library/Extensions/GeForceGLDriver.bundle/Contents/MacOS/libclh.dylib
0x000000019d357000 	/System/Library/Frameworks/OpenGL.framework/Resources//GLRendererFloat.bundle/GLRendererFloat
0x000000019d38b000 	/System/Library/Frameworks/OpenCL.framework/Versions/A/Libraries/libcldcpuengine.dylib
0x000000000d9dd000 	/System/Library/PrivateFrameworks/DiskImages.framework/Versions/A/DiskImages
0x000000000d9dd000 	/System/Library/Frameworks/DiscRecording.framework/Versions/A/DiscRecording
0x000000000d9dd000 	/usr/lib/libcurl.4.dylib
0x000000000d9dd000 	/System/Library/PrivateFrameworks/MediaKit.framework/Versions/A/MediaKit
0x000000000d9dd000 	/usr/lib/libssl.0.9.8.dylib
0x000000000d9dd000 	/usr/lib/libcrypto.0.9.8.dylib
0x000000000d9dd000 	/System/Library/Frameworks/LDAP.framework/Versions/A/LDAP
0x000000000d9dd000 	/usr/lib/libsasl2.2.dylib
0x00000001a02d5000 	/Library/Java/JavaVirtualMachines/jdk1.7.0_51.jdk/Contents/Home/jre/lib/libfontmanager.dylib
0x000000019e1de000 	/Library/Java/JavaVirtualMachines/jdk1.7.0_51.jdk/Contents/Home/jre/lib/libosxui.dylib

VM Arguments:
jvm_args: -Dfile.encoding=US-ASCII 
java_command: utils.GameLogic
Launcher Type: SUN_STANDARD

Environment Variables:
PATH=/usr/bin:/bin:/usr/sbin:/sbin
SHELL=/bin/bash

Signal Handlers:
SIGSEGV: [libjvm.dylib+0x525425], sa_mask[0]=0xfffefeff, sa_flags=0x00000043
SIGBUS: [libjvm.dylib+0x525425], sa_mask[0]=0xfffefeff, sa_flags=0x00000042
SIGFPE: [libjvm.dylib+0x41892a], sa_mask[0]=0xfffefeff, sa_flags=0x00000042
SIGPIPE: [libjvm.dylib+0x41892a], sa_mask[0]=0xfffefeff, sa_flags=0x00000042
SIGXFSZ: [libjvm.dylib+0x41892a], sa_mask[0]=0xfffefeff, sa_flags=0x00000042
SIGILL: [libjvm.dylib+0x41892a], sa_mask[0]=0xfffefeff, sa_flags=0x00000042
SIGUSR1: SIG_DFL, sa_mask[0]=0x00000000, sa_flags=0x00000002
SIGUSR2: [libjvm.dylib+0x41841c], sa_mask[0]=0x00000004, sa_flags=0x00000042
SIGHUP: [libjvm.dylib+0x4166ab], sa_mask[0]=0xfffefeff, sa_flags=0x00000042
SIGINT: [libjvm.dylib+0x4166ab], sa_mask[0]=0xfffefeff, sa_flags=0x00000042
SIGTERM: [libjvm.dylib+0x4166ab], sa_mask[0]=0xfffefeff, sa_flags=0x00000042
SIGQUIT: [libjvm.dylib+0x4166ab], sa_mask[0]=0xfffefeff, sa_flags=0x00000042


---------------  S Y S T E M  ---------------

OS:Bsduname:Darwin 12.4.0 Darwin Kernel Version 12.4.0: Wed May  1 17:57:12 PDT 2013; root:xnu-2050.24.15~1/RELEASE_X86_64 x86_64
rlimit: STACK 8192k, CORE 0k, NPROC 709, NOFILE 10240, AS infinity
load average:1.35 1.19 1.10

CPU:total 2 (2 cores per cpu, 1 threads per core) family 6 model 23 stepping 10, cmov, cx8, fxsr, mmx, sse, sse2, sse3, ssse3, sse4.1, tsc

Memory: 4k page, physical 8388608k(2097152k free)

/proc/meminfo:


vm_info: Java HotSpot(TM) 64-Bit Server VM (24.51-b03) for bsd-amd64 JRE (1.7.0_51-b13), built on Dec 18 2013 18:45:56 by "java_re" with gcc 4.2.1 (Based on Apple Inc. build 5658) (LLVM build 2336.11.00)

time: Mon Feb 23 13:32:17 2015
elapsed time: 15 seconds

