#
# A fatal error has been detected by the Java Runtime Environment:
#
#  SIGSEGV (0xb) at pc=0x00007fff8fb92ac8, pid=9883, tid=16387
#
# JRE version: Java(TM) SE Runtime Environment (7.0_51-b13) (build 1.7.0_51-b13)
# Java VM: Java HotSpot(TM) 64-Bit Server VM (24.51-b03 mixed mode bsd-amd64 compressed oops)
# Problematic frame:
# C  [libz.1.dylib+0x6ac8]  inflateEnd+0x2f
#
# Failed to write core dump. Core dumps have been disabled. To enable core dumping, try "ulimit -c unlimited" before starting Java again
#
# If you would like to submit a bug report, please visit:
#   http://bugreport.sun.com/bugreport/crash.jsp
# The crash happened outside the Java Virtual Machine in native code.
# See problematic frame for where to report the bug.
#

---------------  T H R E A D  ---------------

Current thread (0x00007ff3b4816800):  JavaThread "Finalizer" daemon [_thread_in_native, id=16387, stack(0x000000019a7e4000,0x000000019a8e4000)]

siginfo:si_signo=SIGSEGV: si_errno=0, si_code=0 (SEGV0), si_addr=0x0000000000000000

Registers:
RAX=0x00000000fffffffe, RBX=0x00007ff3b3422e70, RCX=0x00007fff8fb94f98, RDX=0x00007ff3b3422e70
RSP=0x000000019a8e32b0, RBP=0x000000019a8e32c0, RSI=0x5000000000000000, RDI=0x00007ff3b3422e70
R8 =0x000000010c6472a0, R9 =0x000000019a8e35f8, R10=0x000000010c64970c, R11=0x000000010be7e2a7
R12=0x0000000000000000, R13=0x000000010f9d45f8, R14=0x00007ff3b48169e8, R15=0x00007ff3b4816800
RIP=0x00007fff8fb92ac8, EFLAGS=0x0000000000010202, ERR=0x0000000000000000
  TRAPNO=0x000000000000000d

Top of Stack: (sp=0x000000019a8e32b0)
0x000000019a8e32b0:   000000010c62fb85 00007ff3b3422e70
0x000000019a8e32c0:   000000019a8e32e0 000000010c62fb9a
0x000000019a8e32d0:   000000010f9d45f8 000000019a8e3368
0x000000019a8e32e0:   000000019a8e3340 000000010c649738
0x000000019a8e32f0:   000000019a8e3370 000000019a8e3370
0x000000019a8e3300:   000000019a8e3300 0000000000000000
0x000000019a8e3310:   000000019a8e3368 000000010f9d4a40
0x000000019a8e3320:   0000000000000000 000000010f9d45f8
0x000000019a8e3330:   0000000000000000 000000019a8e3360
0x000000019a8e3340:   000000019a8e33c0 000000010c63d058
0x000000019a8e3350:   0000000116f5c0d0 000000010c645cd8
0x000000019a8e3360:   00007ff3b3422e70 00000001822debd8
0x000000019a8e3370:   00000001822debd8 00000001822debd8
0x000000019a8e3380:   000000019a8e3370 000000010f9d3d55
0x000000019a8e3390:   000000019a8e33f0 000000010f9d4a40
0x000000019a8e33a0:   0000000000000000 000000010f9d3d88
0x000000019a8e33b0:   000000019a8e3360 000000019a8e33f0
0x000000019a8e33c0:   000000019a8e3438 000000010c63d058
0x000000019a8e33d0:   0000000000000000 00007ff3b3422e70
0x000000019a8e33e0:   0000000000000000 00000001822debd8
0x000000019a8e33f0:   00000001822deba8 000000019a8e33f8
0x000000019a8e3400:   000000010f9d3e49 000000019a8e3448
0x000000019a8e3410:   000000010f9d4a40 0000000000000000
0x000000019a8e3420:   000000010f9d3e58 000000019a8e33f0
0x000000019a8e3430:   000000019a8e3448 000000019a8e34b0
0x000000019a8e3440:   000000010c6374e7 00000001822deba8
0x000000019a8e3450:   00007ff300001fa0 0000000000000001
0x000000019a8e3460:   00007ff3b4816800 000000010c63745f
0x000000019a8e3470:   000000000000000a 00007ff3b4008360
0x000000019a8e3480:   000000019a8e3530 000000019a8e3808
0x000000019a8e3490:   000000000000000a 000000010f9d3e58
0x000000019a8e34a0:   000000010c6472a0 000000019a8e35f8 

Instructions: (pc=0x00007fff8fb92ac8)
0x00007fff8fb92aa8:   85 db 74 46 48 8b 73 38 b8 fe ff ff ff 48 85 f6
0x00007fff8fb92ab8:   74 38 48 8b 4b 48 b8 fe ff ff ff 48 85 c9 74 2a
0x00007fff8fb92ac8:   48 8b 46 40 48 85 c0 74 11 48 8b 7b 50 48 89 c6
0x00007fff8fb92ad8:   ff d1 48 8b 73 38 48 8b 4b 48 48 8b 7b 50 ff d1 

Register to memory mapping:

RAX=0x00000000fffffffe is an unknown value
RBX=0x00007ff3b3422e70 is an unknown value
RCX=0x00007fff8fb94f98: zError+0x2b in /usr/lib/libz.1.dylib at 0x00007fff8fb8c000
RDX=0x00007ff3b3422e70 is an unknown value
RSP=0x000000019a8e32b0 is pointing into the stack for thread: 0x00007ff3b4816800
RBP=0x000000019a8e32c0 is pointing into the stack for thread: 0x00007ff3b4816800
RSI=0x5000000000000000 is an unknown value
RDI=0x00007ff3b3422e70 is an unknown value
R8 =0x000000010c6472a0 is at code_begin+0 in an Interpreter codelet
method entry point (kind = zerolocals)  [0x000000010c6472a0, 0x000000010c6475e0]  832 bytes
R9 =0x000000019a8e35f8 is pointing into the stack for thread: 0x00007ff3b4816800
R10=0x000000010c64970c is at code_begin+620 in an Interpreter codelet
method entry point (kind = native)  [0x000000010c6494a0, 0x000000010c649ce0]  2112 bytes
R11=0x000000010be7e2a7: throw_unsatisfied_link_error+0 in /Library/Java/JavaVirtualMachines/jdk1.7.0_51.jdk/Contents/Home/jre/lib/server/libjvm.dylib at 0x000000010ba0e000
R12=0x0000000000000000 is an unknown value
R13=0x000000010f9d45f8 is an oop
{method} 
 - klass: {other class}
R14=0x00007ff3b48169e8 is an unknown value
R15=0x00007ff3b4816800 is a thread


Stack: [0x000000019a7e4000,0x000000019a8e4000],  sp=0x000000019a8e32b0,  free space=1020k
Native frames: (J=compiled Java code, j=interpreted, Vv=VM code, C=native code)
C  [libz.1.dylib+0x6ac8]  inflateEnd+0x2f
C  [libzip.dylib+0x1b9a]  Java_java_util_zip_Inflater_end+0x15
j  java.util.zip.Inflater.end(J)V+0
j  java.util.zip.Inflater.end()V+29
j  java.util.zip.Inflater.finalize()V+1
v  ~StubRoutines::call_stub
V  [libjvm.dylib+0x2d6bb0]
V  [libjvm.dylib+0x2d6980]
V  [libjvm.dylib+0x30a425]
V  [libjvm.dylib+0x2fdf96]
C  [libjava.dylib+0x299c]  Java_java_lang_ref_Finalizer_invokeFinalizeMethod+0x58
j  java.lang.ref.Finalizer.invokeFinalizeMethod(Ljava/lang/Object;)V+0
j  java.lang.ref.Finalizer.runFinalizer()V+45
j  java.lang.ref.Finalizer.access$100(Ljava/lang/ref/Finalizer;)V+1
j  java.lang.ref.Finalizer$FinalizerThread.run()V+24
v  ~StubRoutines::call_stub
V  [libjvm.dylib+0x2d6bb0]
V  [libjvm.dylib+0x2d70c7]
V  [libjvm.dylib+0x2d7204]
V  [libjvm.dylib+0x3261ea]
V  [libjvm.dylib+0x4efb57]
V  [libjvm.dylib+0x4f125f]
V  [libjvm.dylib+0x41b1d6]
C  [libsystem_c.dylib+0x147a2]  _pthread_start+0x147
C  [libsystem_c.dylib+0x11e1]  thread_start+0xd

Java frames: (J=compiled Java code, j=interpreted, Vv=VM code)
j  java.util.zip.Inflater.end(J)V+0
j  java.util.zip.Inflater.end()V+29
j  java.util.zip.Inflater.finalize()V+1
v  ~StubRoutines::call_stub
j  java.lang.ref.Finalizer.invokeFinalizeMethod(Ljava/lang/Object;)V+0
j  java.lang.ref.Finalizer.runFinalizer()V+45
j  java.lang.ref.Finalizer.access$100(Ljava/lang/ref/Finalizer;)V+1
j  java.lang.ref.Finalizer$FinalizerThread.run()V+24
v  ~StubRoutines::call_stub

---------------  P R O C E S S  ---------------

Java Threads: ( => current thread )
  0x00007ff3b4a9b000 JavaThread "AWT-EventQueue-0" [_thread_blocked, id=47363, stack(0x00000001a0309000,0x00000001a0409000)]
  0x00007ff3b3986000 JavaThread "Java2D Disposer" daemon [_thread_blocked, id=42499, stack(0x000000019f5ec000,0x000000019f6ec000)]
  0x00007ff3b49bf800 JavaThread "Java2D Queue Flusher" daemon [_thread_blocked, id=39695, stack(0x000000019ed62000,0x000000019ee62000)]
  0x00007ff3b49b8000 JavaThread "AWT-Shutdown" [_thread_blocked, id=28419, stack(0x000000019c5b2000,0x000000019c6b2000)]
  0x00007ff3b4a2b000 JavaThread "AppKit Thread" daemon [_thread_in_native, id=1799, stack(0x00007fff53b1f000,0x00007fff5431f000)]
  0x00007ff3b4845800 JavaThread "Service Thread" daemon [_thread_blocked, id=22531, stack(0x000000019adbf000,0x000000019aebf000)]
  0x00007ff3b4844800 JavaThread "C2 CompilerThread1" daemon [_thread_blocked, id=22019, stack(0x000000019acbc000,0x000000019adbc000)]
  0x00007ff3b4825000 JavaThread "C2 CompilerThread0" daemon [_thread_blocked, id=21507, stack(0x000000019abb9000,0x000000019acb9000)]
  0x00007ff3b4821800 JavaThread "Signal Dispatcher" daemon [_thread_blocked, id=20995, stack(0x000000019aab6000,0x000000019abb6000)]
=>0x00007ff3b4816800 JavaThread "Finalizer" daemon [_thread_in_native, id=16387, stack(0x000000019a7e4000,0x000000019a8e4000)]
  0x00007ff3b4814000 JavaThread "Reference Handler" daemon [_thread_blocked, id=15875, stack(0x000000019a6e1000,0x000000019a7e1000)]
  0x00007ff3b3815000 JavaThread "main" [_thread_in_vm, id=6403, stack(0x000000010c462000,0x000000010c562000)]

Other Threads:
  0x00007ff3b4813800 VMThread [stack: 0x000000019a5de000,0x000000019a6de000] [id=15363]
  0x00007ff3b481e000 WatcherThread [stack: 0x000000019aec2000,0x000000019afc2000] [id=23043]

VM state:not at safepoint (normal execution)

VM Mutex/Monitor currently owned by a thread: None

Heap
 PSYoungGen      total 362496K, used 43154K [0x0000000169e80000, 0x0000000187200000, 0x0000000194980000)
  eden space 309248K, 4% used [0x0000000169e80000,0x000000016aacdb50,0x000000017cc80000)
  from space 53248K, 57% used [0x0000000181500000,0x00000001832d6d08,0x0000000184900000)
  to   space 74240K, 0% used [0x000000017cc80000,0x000000017cc80000,0x0000000181500000)
 ParOldGen       total 268800K, used 157661K [0x0000000114980000, 0x0000000125000000, 0x0000000169e80000)
  object space 268800K, 58% used [0x0000000114980000,0x000000011e377670,0x0000000125000000)
 PSPermGen       total 30208K, used 13399K [0x000000010f780000, 0x0000000111500000, 0x0000000114980000)
  object space 30208K, 44% used [0x000000010f780000,0x0000000110495ee8,0x0000000111500000)

Card table byte_map: [0x0000000194980000,0x0000000194daa000] byte_map_base: 0x0000000194104400

Polling page: 0x000000010c5a1000

Code Cache  [0x000000010c637000, 0x000000010c8a7000, 0x000000010f637000)
 total_blobs=663 nmethods=225 adapters=392 free_code_cache=48278Kb largest_free_block=49410688

Compilation events (10 events):
Event: 27.753 Thread 0x00007ff3b4844800 nmethod 221 0x000000010c708d90 code [0x000000010c708ee0, 0x000000010c7090f8]
Event: 27.753 Thread 0x00007ff3b4844800  222             java.util.HashMap$EntryIterator::<init> (11 bytes)
Event: 27.757 Thread 0x00007ff3b4844800 nmethod 222 0x000000010c708910 code [0x000000010c708a60, 0x000000010c708c78]
Event: 27.760 Thread 0x00007ff3b4825000 nmethod 220 0x000000010c70f4d0 code [0x000000010c70f620, 0x000000010c70f918]
Event: 29.717 Thread 0x00007ff3b4844800  223   !         sun.reflect.GeneratedSerializationConstructorAccessor280::newInstance (49 bytes)
Event: 29.718 Thread 0x00007ff3b4844800 nmethod 223 0x000000010c70f110 code [0x000000010c70f280, 0x000000010c70f3a8]
Event: 30.894 Thread 0x00007ff3b4844800  224   !         java.lang.ref.ReferenceQueue::enqueue (104 bytes)
Event: 30.899 Thread 0x00007ff3b4844800 nmethod 224 0x000000010c715450 code [0x000000010c7155c0, 0x000000010c715d48]
Event: 30.899 Thread 0x00007ff3b4844800  225             java.lang.ref.Reference::access$100 (4 bytes)
Event: 30.899 Thread 0x00007ff3b4844800 nmethod 225 0x000000010c7086d0 code [0x000000010c708800, 0x000000010c708858]

GC Heap History (10 events):
Event: 16.375 GC heap before
{Heap before GC invocations=8 (full 0):
 PSYoungGen      total 151552K, used 151528K [0x0000000169e80000, 0x000000017df80000, 0x0000000194980000)
  eden space 133632K, 100% used [0x0000000169e80000,0x0000000172100000,0x0000000172100000)
  from space 17920K, 99% used [0x0000000172100000,0x000000017327a060,0x0000000173280000)
  to   space 30720K, 0% used [0x000000017c180000,0x000000017c180000,0x000000017df80000)
 ParOldGen       total 87040K, used 58471K [0x0000000114980000, 0x0000000119e80000, 0x0000000169e80000)
  object space 87040K, 67% used [0x0000000114980000,0x0000000118299da8,0x0000000119e80000)
 PSPermGen       total 21504K, used 13392K [0x000000010f780000, 0x0000000110c80000, 0x0000000114980000)
  object space 21504K, 62% used [0x000000010f780000,0x0000000110494268,0x0000000110c80000)
Event: 16.437 GC heap after
Heap after GC invocations=8 (full 0):
 PSYoungGen      total 288256K, used 30718K [0x0000000169e80000, 0x000000017f280000, 0x0000000194980000)
  eden space 257536K, 0% used [0x0000000169e80000,0x0000000169e80000,0x0000000179a00000)
  from space 30720K, 99% used [0x000000017c180000,0x000000017df7f9f0,0x000000017df80000)
  to   space 40448K, 0% used [0x0000000179a00000,0x0000000179a00000,0x000000017c180000)
 ParOldGen       total 87040K, used 70379K [0x0000000114980000, 0x0000000119e80000, 0x0000000169e80000)
  object space 87040K, 80% used [0x0000000114980000,0x0000000118e3acb8,0x0000000119e80000)
 PSPermGen       total 21504K, used 13392K [0x000000010f780000, 0x0000000110c80000, 0x0000000114980000)
  object space 21504K, 62% used [0x000000010f780000,0x0000000110494268,0x0000000110c80000)
}
Event: 16.437 GC heap before
{Heap before GC invocations=9 (full 1):
 PSYoungGen      total 288256K, used 30718K [0x0000000169e80000, 0x000000017f280000, 0x0000000194980000)
  eden space 257536K, 0% used [0x0000000169e80000,0x0000000169e80000,0x0000000179a00000)
  from space 30720K, 99% used [0x000000017c180000,0x000000017df7f9f0,0x000000017df80000)
  to   space 40448K, 0% used [0x0000000179a00000,0x0000000179a00000,0x000000017c180000)
 ParOldGen       total 87040K, used 70379K [0x0000000114980000, 0x0000000119e80000, 0x0000000169e80000)
  object space 87040K, 80% used [0x0000000114980000,0x0000000118e3acb8,0x0000000119e80000)
 PSPermGen       total 21504K, used 13392K [0x000000010f780000, 0x0000000110c80000, 0x0000000114980000)
  object space 21504K, 62% used [0x000000010f780000,0x0000000110494268,0x0000000110c80000)
Event: 16.785 GC heap after
Heap after GC invocations=9 (full 1):
 PSYoungGen      total 288256K, used 11678K [0x0000000169e80000, 0x000000017f280000, 0x0000000194980000)
  eden space 257536K, 0% used [0x0000000169e80000,0x0000000169e80000,0x0000000179a00000)
  from space 30720K, 38% used [0x000000017c180000,0x000000017cce7908,0x000000017df80000)
  to   space 40448K, 0% used [0x0000000179a00000,0x0000000179a00000,0x000000017c180000)
 ParOldGen       total 157696K, used 86652K [0x0000000114980000, 0x000000011e380000, 0x0000000169e80000)
  object space 157696K, 54% used [0x0000000114980000,0x0000000119e1f2b0,0x000000011e380000)
 PSPermGen       total 27136K, used 13387K [0x000000010f780000, 0x0000000111200000, 0x0000000114980000)
  object space 27136K, 49% used [0x000000010f780000,0x0000000110492e10,0x0000000111200000)
}
Event: 23.521 GC heap before
{Heap before GC invocations=10 (full 1):
 PSYoungGen      total 288256K, used 269214K [0x0000000169e80000, 0x000000017f280000, 0x0000000194980000)
  eden space 257536K, 100% used [0x0000000169e80000,0x0000000179a00000,0x0000000179a00000)
  from space 30720K, 38% used [0x000000017c180000,0x000000017cce7908,0x000000017df80000)
  to   space 40448K, 0% used [0x0000000179a00000,0x0000000179a00000,0x000000017c180000)
 ParOldGen       total 157696K, used 86652K [0x0000000114980000, 0x000000011e380000, 0x0000000169e80000)
  object space 157696K, 54% used [0x0000000114980000,0x0000000119e1f2b0,0x000000011e380000)
 PSPermGen       total 27136K, used 13397K [0x000000010f780000, 0x0000000111200000, 0x0000000114980000)
  object space 27136K, 49% used [0x000000010f780000,0x0000000110495728,0x0000000111200000)
Event: 23.627 GC heap after
Heap after GC invocations=10 (full 1):
 PSYoungGen      total 297984K, used 40435K [0x0000000169e80000, 0x0000000184900000, 0x0000000194980000)
  eden space 257536K, 0% used [0x0000000169e80000,0x0000000169e80000,0x0000000179a00000)
  from space 40448K, 99% used [0x0000000179a00000,0x000000017c17cec0,0x000000017c180000)
  to   space 53248K, 0% used [0x0000000181500000,0x0000000181500000,0x0000000184900000)
 ParOldGen       total 157696K, used 103749K [0x0000000114980000, 0x000000011e380000, 0x0000000169e80000)
  object space 157696K, 65% used [0x0000000114980000,0x000000011aed17d8,0x000000011e380000)
 PSPermGen       total 27136K, used 13397K [0x000000010f780000, 0x0000000111200000, 0x0000000114980000)
  object space 27136K, 49% used [0x000000010f780000,0x0000000110495728,0x0000000111200000)
}
Event: 30.359 GC heap before
{Heap before GC invocations=11 (full 1):
 PSYoungGen      total 297984K, used 297971K [0x0000000169e80000, 0x0000000184900000, 0x0000000194980000)
  eden space 257536K, 100% used [0x0000000169e80000,0x0000000179a00000,0x0000000179a00000)
  from space 40448K, 99% used [0x0000000179a00000,0x000000017c17cec0,0x000000017c180000)
  to   space 53248K, 0% used [0x0000000181500000,0x0000000181500000,0x0000000184900000)
 ParOldGen       total 157696K, used 103749K [0x0000000114980000, 0x000000011e380000, 0x0000000169e80000)
  object space 157696K, 65% used [0x0000000114980000,0x000000011aed17d8,0x000000011e380000)
 PSPermGen       total 27136K, used 13399K [0x000000010f780000, 0x0000000111200000, 0x0000000114980000)
  object space 27136K, 49% used [0x000000010f780000,0x0000000110495f08,0x0000000111200000)
Event: 30.487 GC heap after
Heap after GC invocations=11 (full 1):
 PSYoungGen      total 362496K, used 53241K [0x0000000169e80000, 0x0000000187200000, 0x0000000194980000)
  eden space 309248K, 0% used [0x0000000169e80000,0x0000000169e80000,0x000000017cc80000)
  from space 53248K, 99% used [0x0000000181500000,0x00000001848fe5e0,0x0000000184900000)
  to   space 74240K, 0% used [0x000000017cc80000,0x000000017cc80000,0x0000000181500000)
 ParOldGen       total 157696K, used 138478K [0x0000000114980000, 0x000000011e380000, 0x0000000169e80000)
  object space 157696K, 87% used [0x0000000114980000,0x000000011d0bb920,0x000000011e380000)
 PSPermGen       total 27136K, used 13399K [0x000000010f780000, 0x0000000111200000, 0x0000000114980000)
  object space 27136K, 49% used [0x000000010f780000,0x0000000110495f08,0x0000000111200000)
}
Event: 30.487 GC heap before
{Heap before GC invocations=12 (full 2):
 PSYoungGen      total 362496K, used 53241K [0x0000000169e80000, 0x0000000187200000, 0x0000000194980000)
  eden space 309248K, 0% used [0x0000000169e80000,0x0000000169e80000,0x000000017cc80000)
  from space 53248K, 99% used [0x0000000181500000,0x00000001848fe5e0,0x0000000184900000)
  to   space 74240K, 0% used [0x000000017cc80000,0x000000017cc80000,0x0000000181500000)
 ParOldGen       total 157696K, used 138478K [0x0000000114980000, 0x000000011e380000, 0x0000000169e80000)
  object space 157696K, 87% used [0x0000000114980000,0x000000011d0bb920,0x000000011e380000)
 PSPermGen       total 27136K, used 13399K [0x000000010f780000, 0x0000000111200000, 0x0000000114980000)
  object space 27136K, 49% used [0x000000010f780000,0x0000000110495f08,0x0000000111200000)
Event: 30.889 GC heap after
Heap after GC invocations=12 (full 2):
 PSYoungGen      total 362496K, used 30555K [0x0000000169e80000, 0x0000000187200000, 0x0000000194980000)
  eden space 309248K, 0% used [0x0000000169e80000,0x0000000169e80000,0x000000017cc80000)
  from space 53248K, 57% used [0x0000000181500000,0x00000001832d6d08,0x0000000184900000)
  to   space 74240K, 0% used [0x000000017cc80000,0x000000017cc80000,0x0000000181500000)
 ParOldGen       total 268800K, used 157661K [0x0000000114980000, 0x0000000125000000, 0x0000000169e80000)
  object space 268800K, 58% used [0x0000000114980000,0x000000011e377670,0x0000000125000000)
 PSPermGen       total 30208K, used 13399K [0x000000010f780000, 0x0000000111500000, 0x0000000114980000)
  object space 30208K, 44% used [0x000000010f780000,0x0000000110495ee8,0x0000000111500000)
}

Deoptimization events (8 events):
Event: 0.372 Thread 0x00007ff3b3815000 Uncommon trap: reason=class_check action=maybe_recompile pc=0x000000010c69e30c method=java.lang.String.equals(Ljava/lang/Object;)Z @ 8
Event: 0.372 Thread 0x00007ff3b3815000 Uncommon trap: reason=class_check action=maybe_recompile pc=0x000000010c69e30c method=java.lang.String.equals(Ljava/lang/Object;)Z @ 8
Event: 0.687 Thread 0x00007ff3b4a2b000 Uncommon trap: reason=null_check action=make_not_entrant pc=0x000000010c69e320 method=java.lang.String.equals(Ljava/lang/Object;)Z @ 8
Event: 2.101 Thread 0x00007ff3b3815000 Uncommon trap: reason=class_check action=maybe_recompile pc=0x000000010c6dce40 method=java.lang.reflect.Array.newInstance(Ljava/lang/Class;I)Ljava/lang/Object; @ 2
Event: 2.105 Thread 0x00007ff3b3815000 Uncommon trap: reason=class_check action=maybe_recompile pc=0x000000010c6dce40 method=java.lang.reflect.Array.newInstance(Ljava/lang/Class;I)Ljava/lang/Object; @ 2
Event: 2.110 Thread 0x00007ff3b3815000 Uncommon trap: reason=class_check action=maybe_recompile pc=0x000000010c6dce40 method=java.lang.reflect.Array.newInstance(Ljava/lang/Class;I)Ljava/lang/Object; @ 2
Event: 2.114 Thread 0x00007ff3b3815000 Uncommon trap: reason=class_check action=maybe_recompile pc=0x000000010c6dce40 method=java.lang.reflect.Array.newInstance(Ljava/lang/Class;I)Ljava/lang/Object; @ 2
Event: 2.738 Thread 0x00007ff3b3815000 Uncommon trap: reason=unreached action=reinterpret pc=0x000000010c6e5a50 method=java.util.IdentityHashMap.put(Ljava/lang/Object;Ljava/lang/Object;)Ljava/lang/Object; @ 38

Internal exceptions (10 events):
Event: 30.906 Thread 0x00007ff3b4816800 Threw 0x000000016aa47e50 at /HUDSON/workspace/7u-2-build-macosx-x86_64/jdk7u51/527/hotspot/src/share/vm/prims/jni.cpp:717
Event: 30.906 Thread 0x00007ff3b4816800 Threw 0x000000016aa47fe8 at /HUDSON/workspace/7u-2-build-macosx-x86_64/jdk7u51/527/hotspot/src/share/vm/prims/jni.cpp:717
Event: 30.906 Thread 0x00007ff3b4816800 Threw 0x000000016aa48180 at /HUDSON/workspace/7u-2-build-macosx-x86_64/jdk7u51/527/hotspot/src/share/vm/prims/jni.cpp:717
Event: 30.906 Thread 0x00007ff3b4816800 Threw 0x000000016aa48318 at /HUDSON/workspace/7u-2-build-macosx-x86_64/jdk7u51/527/hotspot/src/share/vm/prims/jni.cpp:717
Event: 30.906 Thread 0x00007ff3b4816800 Threw 0x000000016aa48438 at /HUDSON/workspace/7u-2-build-macosx-x86_64/jdk7u51/527/hotspot/src/share/vm/prims/jni.cpp:743
Event: 30.906 Thread 0x00007ff3b4816800 Threw 0x000000016aa48558 at /HUDSON/workspace/7u-2-build-macosx-x86_64/jdk7u51/527/hotspot/src/share/vm/prims/jni.cpp:743
Event: 30.906 Thread 0x00007ff3b4816800 Threw 0x000000016aa48678 at /HUDSON/workspace/7u-2-build-macosx-x86_64/jdk7u51/527/hotspot/src/share/vm/prims/jni.cpp:743
Event: 30.906 Thread 0x00007ff3b4816800 Threw 0x000000016aa48798 at /HUDSON/workspace/7u-2-build-macosx-x86_64/jdk7u51/527/hotspot/src/share/vm/prims/jni.cpp:743
Event: 30.906 Thread 0x00007ff3b4816800 Threw 0x000000016aa488b8 at /HUDSON/workspace/7u-2-build-macosx-x86_64/jdk7u51/527/hotspot/src/share/vm/prims/jni.cpp:743
Event: 30.906 Thread 0x00007ff3b4816800 Threw 0x000000016aa489d8 at /HUDSON/workspace/7u-2-build-macosx-x86_64/jdk7u51/527/hotspot/src/share/vm/prims/jni.cpp:743

Events (10 events):
Event: 12.940 loading class 0x00000001999904c0
Event: 12.940 loading class 0x00000001999904c0 done
Event: 16.375 Executing VM operation: ParallelGCFailedAllocation
Event: 16.785 Executing VM operation: ParallelGCFailedAllocation done
Event: 20.674 loading class 0x00000001999bcd10
Event: 20.674 loading class 0x00000001999bcd10 done
Event: 23.521 Executing VM operation: ParallelGCFailedAllocation
Event: 23.627 Executing VM operation: ParallelGCFailedAllocation done
Event: 30.359 Executing VM operation: ParallelGCFailedAllocation
Event: 30.889 Executing VM operation: ParallelGCFailedAllocation done


Dynamic libraries:
0x000000000d9dd000 	/System/Library/Frameworks/Cocoa.framework/Versions/A/Cocoa
0x000000000d9dd000 	/System/Library/Frameworks/Security.framework/Versions/A/Security
0x000000000d9dd000 	/System/Library/Frameworks/ApplicationServices.framework/Versions/A/ApplicationServices
0x000000000d9dd000 	/usr/lib/libz.1.dylib
0x000000000d9dd000 	/usr/lib/libSystem.B.dylib
0x000000000d9dd000 	/usr/lib/libobjc.A.dylib
0x000000000d9dd000 	/System/Library/Frameworks/CoreFoundation.framework/Versions/A/CoreFoundation
0x000000000d9dd000 	/System/Library/Frameworks/Foundation.framework/Versions/C/Foundation
0x000000000d9dd000 	/System/Library/Frameworks/AppKit.framework/Versions/C/AppKit
0x000000000d9dd000 	/System/Library/Frameworks/CoreData.framework/Versions/A/CoreData
0x000000000d9dd000 	/System/Library/PrivateFrameworks/RemoteViewServices.framework/Versions/A/RemoteViewServices
0x000000000d9dd000 	/System/Library/Frameworks/AudioToolbox.framework/Versions/A/AudioToolbox
0x000000000d9dd000 	/System/Library/Frameworks/AudioUnit.framework/Versions/A/AudioUnit
0x000000000d9dd000 	/System/Library/PrivateFrameworks/DataDetectorsCore.framework/Versions/A/DataDetectorsCore
0x000000000d9dd000 	/System/Library/PrivateFrameworks/DesktopServicesPriv.framework/Versions/A/DesktopServicesPriv
0x000000000d9dd000 	/System/Library/Frameworks/Carbon.framework/Versions/A/Frameworks/HIToolbox.framework/Versions/A/HIToolbox
0x000000000d9dd000 	/System/Library/Frameworks/QuartzCore.framework/Versions/A/QuartzCore
0x000000000d9dd000 	/System/Library/Frameworks/Carbon.framework/Versions/A/Frameworks/SpeechRecognition.framework/Versions/A/SpeechRecognition
0x000000000d9dd000 	/usr/lib/libauto.dylib
0x000000000d9dd000 	/usr/lib/libicucore.A.dylib
0x000000000d9dd000 	/usr/lib/libxml2.2.dylib
0x000000000d9dd000 	/System/Library/PrivateFrameworks/CoreUI.framework/Versions/A/CoreUI
0x000000000d9dd000 	/System/Library/Frameworks/CoreAudio.framework/Versions/A/CoreAudio
0x000000000d9dd000 	/System/Library/Frameworks/DiskArbitration.framework/Versions/A/DiskArbitration
0x000000000d9dd000 	/usr/lib/liblangid.dylib
0x000000000d9dd000 	/System/Library/PrivateFrameworks/MultitouchSupport.framework/Versions/A/MultitouchSupport
0x000000000d9dd000 	/System/Library/Frameworks/IOKit.framework/Versions/A/IOKit
0x000000000d9dd000 	/usr/lib/libDiagnosticMessagesClient.dylib
0x000000000d9dd000 	/System/Library/Frameworks/CoreServices.framework/Versions/A/CoreServices
0x000000000d9dd000 	/System/Library/PrivateFrameworks/PerformanceAnalysis.framework/Versions/A/PerformanceAnalysis
0x000000000d9dd000 	/System/Library/PrivateFrameworks/GenerationalStorage.framework/Versions/A/GenerationalStorage
0x000000000d9dd000 	/System/Library/Frameworks/OpenGL.framework/Versions/A/OpenGL
0x000000000d9dd000 	/System/Library/Frameworks/CoreText.framework/Versions/A/CoreText
0x000000000d9dd000 	/System/Library/Frameworks/ImageIO.framework/Versions/A/ImageIO
0x000000000d9dd000 	/System/Library/PrivateFrameworks/Backup.framework/Versions/A/Backup
0x000000000d9dd000 	/System/Library/Frameworks/CFNetwork.framework/Versions/A/CFNetwork
0x000000000d9dd000 	/System/Library/Frameworks/SystemConfiguration.framework/Versions/A/SystemConfiguration
0x000000000d9dd000 	/usr/lib/libCRFSuite.dylib
0x000000000d9dd000 	/System/Library/PrivateFrameworks/TCC.framework/Versions/A/TCC
0x000000000d9dd000 	/usr/lib/libc++.1.dylib
0x000000000d9dd000 	/usr/lib/libc++abi.dylib
0x000000000d9dd000 	/usr/lib/system/libcache.dylib
0x000000000d9dd000 	/usr/lib/system/libcommonCrypto.dylib
0x000000000d9dd000 	/usr/lib/system/libcompiler_rt.dylib
0x000000000d9dd000 	/usr/lib/system/libcopyfile.dylib
0x000000000d9dd000 	/usr/lib/system/libdispatch.dylib
0x000000000d9dd000 	/usr/lib/system/libdnsinfo.dylib
0x000000000d9dd000 	/usr/lib/system/libdyld.dylib
0x000000000d9dd000 	/usr/lib/system/libkeymgr.dylib
0x000000000d9dd000 	/usr/lib/system/liblaunch.dylib
0x000000000d9dd000 	/usr/lib/system/libmacho.dylib
0x000000000d9dd000 	/usr/lib/system/libquarantine.dylib
0x000000000d9dd000 	/usr/lib/system/libremovefile.dylib
0x000000000d9dd000 	/usr/lib/system/libsystem_blocks.dylib
0x000000000d9dd000 	/usr/lib/system/libsystem_c.dylib
0x000000000d9dd000 	/usr/lib/system/libsystem_dnssd.dylib
0x000000000d9dd000 	/usr/lib/system/libsystem_info.dylib
0x000000000d9dd000 	/usr/lib/system/libsystem_kernel.dylib
0x000000000d9dd000 	/usr/lib/system/libsystem_m.dylib
0x000000000d9dd000 	/usr/lib/system/libsystem_network.dylib
0x000000000d9dd000 	/usr/lib/system/libsystem_notify.dylib
0x000000000d9dd000 	/usr/lib/system/libsystem_sandbox.dylib
0x000000000d9dd000 	/usr/lib/system/libunc.dylib
0x000000000d9dd000 	/usr/lib/system/libunwind.dylib
0x000000000d9dd000 	/usr/lib/system/libxpc.dylib
0x000000000d9dd000 	/usr/lib/system/libcorecrypto.dylib
0x000000000d9dd000 	/usr/lib/libstdc++.6.dylib
0x000000000d9dd000 	/usr/lib/libbsm.0.dylib
0x000000000d9dd000 	/usr/lib/libsqlite3.dylib
0x000000000d9dd000 	/usr/lib/libxar.1.dylib
0x000000000d9dd000 	/usr/lib/libpam.2.dylib
0x000000000d9dd000 	/usr/lib/libOpenScriptingUtil.dylib
0x000000000d9dd000 	/usr/lib/libbz2.1.0.dylib
0x000000000d9dd000 	/System/Library/Frameworks/CoreServices.framework/Versions/A/Frameworks/CarbonCore.framework/Versions/A/CarbonCore
0x000000000d9dd000 	/System/Library/Frameworks/CoreServices.framework/Versions/A/Frameworks/Metadata.framework/Versions/A/Metadata
0x000000000d9dd000 	/System/Library/Frameworks/CoreServices.framework/Versions/A/Frameworks/OSServices.framework/Versions/A/OSServices
0x000000000d9dd000 	/System/Library/Frameworks/CoreServices.framework/Versions/A/Frameworks/SearchKit.framework/Versions/A/SearchKit
0x000000000d9dd000 	/System/Library/Frameworks/CoreServices.framework/Versions/A/Frameworks/AE.framework/Versions/A/AE
0x000000000d9dd000 	/System/Library/Frameworks/CoreServices.framework/Versions/A/Frameworks/LaunchServices.framework/Versions/A/LaunchServices
0x000000000d9dd000 	/System/Library/Frameworks/CoreServices.framework/Versions/A/Frameworks/DictionaryServices.framework/Versions/A/DictionaryServices
0x000000000d9dd000 	/System/Library/Frameworks/NetFS.framework/Versions/A/NetFS
0x000000000d9dd000 	/usr/lib/system/libkxld.dylib
0x000000000d9dd000 	/System/Library/PrivateFrameworks/NetAuth.framework/Versions/A/NetAuth
0x000000000d9dd000 	/System/Library/Frameworks/OpenDirectory.framework/Versions/A/Frameworks/CFOpenDirectory.framework/Versions/A/CFOpenDirectory
0x000000000d9dd000 	/usr/lib/libxslt.1.dylib
0x000000000d9dd000 	/System/Library/PrivateFrameworks/FamilyControls.framework/Versions/A/FamilyControls
0x000000000d9dd000 	/System/Library/Frameworks/Carbon.framework/Versions/A/Frameworks/Ink.framework/Versions/A/Ink
0x000000000d9dd000 	/System/Library/Frameworks/ApplicationServices.framework/Versions/A/Frameworks/CoreGraphics.framework/Versions/A/CoreGraphics
0x000000000d9dd000 	/System/Library/Frameworks/ApplicationServices.framework/Versions/A/Frameworks/ATS.framework/Versions/A/ATS
0x000000000d9dd000 	/System/Library/Frameworks/ApplicationServices.framework/Versions/A/Frameworks/ColorSync.framework/Versions/A/ColorSync
0x000000000d9dd000 	/System/Library/Frameworks/ApplicationServices.framework/Versions/A/Frameworks/HIServices.framework/Versions/A/HIServices
0x000000000d9dd000 	/System/Library/Frameworks/ApplicationServices.framework/Versions/A/Frameworks/LangAnalysis.framework/Versions/A/LangAnalysis
0x000000000d9dd000 	/System/Library/Frameworks/ApplicationServices.framework/Versions/A/Frameworks/PrintCore.framework/Versions/A/PrintCore
0x000000000d9dd000 	/System/Library/Frameworks/ApplicationServices.framework/Versions/A/Frameworks/QD.framework/Versions/A/QD
0x000000000d9dd000 	/System/Library/Frameworks/ApplicationServices.framework/Versions/A/Frameworks/SpeechSynthesis.framework/Versions/A/SpeechSynthesis
0x000000000d9dd000 	/System/Library/Frameworks/IOSurface.framework/Versions/A/IOSurface
0x000000000d9dd000 	/System/Library/Frameworks/Accelerate.framework/Versions/A/Accelerate
0x000000000d9dd000 	/System/Library/Frameworks/ApplicationServices.framework/Versions/A/Frameworks/ATS.framework/Versions/A/Resources/libFontParser.dylib
0x000000000d9dd000 	/System/Library/Frameworks/ApplicationServices.framework/Versions/A/Frameworks/ATS.framework/Versions/A/Resources/libFontRegistry.dylib
0x000000000d9dd000 	/System/Library/Frameworks/Accelerate.framework/Versions/A/Frameworks/vImage.framework/Versions/A/vImage
0x000000000d9dd000 	/System/Library/Frameworks/Accelerate.framework/Versions/A/Frameworks/vecLib.framework/Versions/A/vecLib
0x000000000d9dd000 	/System/Library/Frameworks/Accelerate.framework/Versions/A/Frameworks/vecLib.framework/Versions/A/libvDSP.dylib
0x000000000d9dd000 	/System/Library/Frameworks/Accelerate.framework/Versions/A/Frameworks/vecLib.framework/Versions/A/libvMisc.dylib
0x000000000d9dd000 	/System/Library/Frameworks/Accelerate.framework/Versions/A/Frameworks/vecLib.framework/Versions/A/libLAPACK.dylib
0x000000000d9dd000 	/System/Library/Frameworks/Accelerate.framework/Versions/A/Frameworks/vecLib.framework/Versions/A/libBLAS.dylib
0x000000000d9dd000 	/System/Library/Frameworks/ImageIO.framework/Versions/A/Resources/libJPEG.dylib
0x000000000d9dd000 	/System/Library/Frameworks/ImageIO.framework/Versions/A/Resources/libTIFF.dylib
0x000000000d9dd000 	/System/Library/Frameworks/ImageIO.framework/Versions/A/Resources/libPng.dylib
0x000000000d9dd000 	/System/Library/Frameworks/ImageIO.framework/Versions/A/Resources/libGIF.dylib
0x000000000d9dd000 	/System/Library/Frameworks/ImageIO.framework/Versions/A/Resources/libJP2.dylib
0x000000000d9dd000 	/System/Library/Frameworks/ImageIO.framework/Versions/A/Resources/libRadiance.dylib
0x000000000d9dd000 	/usr/lib/libcups.2.dylib
0x000000000d9dd000 	/System/Library/Frameworks/Kerberos.framework/Versions/A/Kerberos
0x000000000d9dd000 	/System/Library/Frameworks/GSS.framework/Versions/A/GSS
0x000000000d9dd000 	/usr/lib/libresolv.9.dylib
0x000000000d9dd000 	/usr/lib/libiconv.2.dylib
0x000000000d9dd000 	/System/Library/PrivateFrameworks/Heimdal.framework/Versions/A/Heimdal
0x000000000d9dd000 	/System/Library/PrivateFrameworks/TrustEvaluationAgent.framework/Versions/A/TrustEvaluationAgent
0x000000000d9dd000 	/System/Library/Frameworks/OpenDirectory.framework/Versions/A/OpenDirectory
0x000000000d9dd000 	/System/Library/PrivateFrameworks/CommonAuth.framework/Versions/A/CommonAuth
0x000000000d9dd000 	/System/Library/PrivateFrameworks/Bom.framework/Versions/A/Bom
0x000000000d9dd000 	/System/Library/Frameworks/CoreVideo.framework/Versions/A/CoreVideo
0x000000000d9dd000 	/System/Library/Frameworks/QuartzCore.framework/Versions/A/Frameworks/CoreImage.framework/Versions/A/CoreImage
0x000000000d9dd000 	/System/Library/Frameworks/QuartzCore.framework/Versions/A/Frameworks/ScalableUserInterface.framework/Versions/A/ScalableUserInterface
0x000000000d9dd000 	/System/Library/Frameworks/OpenGL.framework/Versions/A/Libraries/libGLU.dylib
0x000000000d9dd000 	/System/Library/Frameworks/OpenGL.framework/Versions/A/Libraries/libGFXShared.dylib
0x000000000d9dd000 	/System/Library/Frameworks/OpenGL.framework/Versions/A/Libraries/libGL.dylib
0x000000000d9dd000 	/System/Library/Frameworks/OpenGL.framework/Versions/A/Libraries/libGLImage.dylib
0x000000000d9dd000 	/System/Library/Frameworks/OpenGL.framework/Versions/A/Libraries/libCVMSPluginSupport.dylib
0x000000000d9dd000 	/System/Library/Frameworks/OpenGL.framework/Versions/A/Libraries/libCoreVMClient.dylib
0x000000000d9dd000 	/System/Library/PrivateFrameworks/CrashReporterSupport.framework/Versions/A/CrashReporterSupport
0x000000000d9dd000 	/System/Library/Frameworks/OpenCL.framework/Versions/A/OpenCL
0x000000000d9dd000 	/System/Library/PrivateFrameworks/FaceCoreLight.framework/Versions/A/FaceCoreLight
0x000000000d9dd000 	/System/Library/PrivateFrameworks/AppleFSCompression.framework/Versions/A/AppleFSCompression
0x000000000d9dd000 	/System/Library/PrivateFrameworks/Ubiquity.framework/Versions/A/Ubiquity
0x000000000d9dd000 	/System/Library/Frameworks/ServiceManagement.framework/Versions/A/ServiceManagement
0x000000000d9dd000 	/System/Library/PrivateFrameworks/ChunkingLibrary.framework/Versions/A/ChunkingLibrary
0x000000000d9dd000 	/System/Library/Frameworks/vecLib.framework/Versions/A/vecLib
0x000000000d9dd000 	/System/Library/Frameworks/SecurityFoundation.framework/Versions/A/SecurityFoundation
0x000000000d9dd000 	/System/Library/PrivateFrameworks/CommerceKit.framework/Versions/A/Frameworks/CommerceCore.framework/Versions/A/CommerceCore
0x000000000d9dd000 	/System/Library/PrivateFrameworks/CoreSymbolication.framework/Versions/A/CoreSymbolication
0x000000000d9dd000 	/System/Library/PrivateFrameworks/Symbolication.framework/Versions/A/Symbolication
0x000000000d9dd000 	/System/Library/PrivateFrameworks/DebugSymbols.framework/Versions/A/DebugSymbols
0x000000010ba0e000 	/Library/Java/JavaVirtualMachines/jdk1.7.0_51.jdk/Contents/Home/jre/lib/server/libjvm.dylib
0x000000010c564000 	/Library/Java/JavaVirtualMachines/jdk1.7.0_51.jdk/Contents/Home/jre/lib/libverify.dylib
0x000000010c571000 	/Library/Java/JavaVirtualMachines/jdk1.7.0_51.jdk/Contents/Home/jre/lib/libjava.dylib
0x000000010c62e000 	/Library/Java/JavaVirtualMachines/jdk1.7.0_51.jdk/Contents/Home/jre/lib/libzip.dylib
0x000000019a8e6000 	/System/Library/Frameworks/JavaVM.framework/Frameworks/JavaRuntimeSupport.framework/JavaRuntimeSupport
0x000000019a8fe000 	/System/Library/Frameworks/JavaVM.framework/Versions/A/Frameworks/JavaNativeFoundation.framework/Versions/A/JavaNativeFoundation
0x000000019a913000 	/System/Library/Frameworks/JavaVM.framework/Versions/A/JavaVM
0x000000000d9dd000 	/System/Library/Frameworks/Carbon.framework/Versions/A/Carbon
0x000000019a920000 	/System/Library/PrivateFrameworks/JavaLaunching.framework/Versions/A/JavaLaunching
0x000000000d9dd000 	/System/Library/Frameworks/Carbon.framework/Versions/A/Frameworks/CommonPanels.framework/Versions/A/CommonPanels
0x000000000d9dd000 	/System/Library/Frameworks/Carbon.framework/Versions/A/Frameworks/Help.framework/Versions/A/Help
0x000000000d9dd000 	/System/Library/Frameworks/Carbon.framework/Versions/A/Frameworks/ImageCapture.framework/Versions/A/ImageCapture
0x000000000d9dd000 	/System/Library/Frameworks/Carbon.framework/Versions/A/Frameworks/OpenScripting.framework/Versions/A/OpenScripting
0x000000000d9dd000 	/System/Library/Frameworks/Carbon.framework/Versions/A/Frameworks/Print.framework/Versions/A/Print
0x000000000d9dd000 	/System/Library/Frameworks/Carbon.framework/Versions/A/Frameworks/SecurityHI.framework/Versions/A/SecurityHI
0x000000019b00a000 	/Library/Java/JavaVirtualMachines/jdk1.7.0_51.jdk/Contents/Home/jre/lib/libnio.dylib
0x000000019b019000 	/Library/Java/JavaVirtualMachines/jdk1.7.0_51.jdk/Contents/Home/jre/lib/./libnet.dylib
0x000000019b0d8000 	/Library/Java/JavaVirtualMachines/jdk1.7.0_51.jdk/Contents/Home/jre/lib/libawt.dylib
0x000000019b187000 	/Library/Java/JavaVirtualMachines/jdk1.7.0_51.jdk/Contents/Home/jre/lib/./libmlib_image.dylib
0x000000019b253000 	/Library/Java/JavaVirtualMachines/jdk1.7.0_51.jdk/Contents/Home/jre/lib/lwawt/liblwawt.dylib
0x000000019b307000 	/Library/Java/JavaVirtualMachines/jdk1.7.0_51.jdk/Contents/Home/jre/lib/libosxapp.dylib
0x000000019b321000 	/System/Library/Frameworks/ExceptionHandling.framework/Versions/A/ExceptionHandling
0x000000000d9dd000 	/System/Library/PrivateFrameworks/CoreServicesInternal.framework/Versions/A/CoreServicesInternal
0x000000000d9dd000 	/System/Library/PrivateFrameworks/Librarian.framework/Versions/A/Librarian
0x000000000d9dd000 	/System/Library/Frameworks/ApplicationServices.framework/Versions/A/Frameworks/CoreGraphics.framework/Versions/A/Resources/libCSync.A.dylib
0x000000000d9dd000 	/System/Library/Frameworks/ApplicationServices.framework/Versions/A/Frameworks/CoreGraphics.framework/Versions/A/Resources/libRIP.A.dylib
0x000000000d9dd000 	/System/Library/Frameworks/ApplicationServices.framework/Versions/A/Frameworks/CoreGraphics.framework/Versions/A/Resources/libCGXType.A.dylib
0x000000019ee64000 	/System/Library/Frameworks/OpenGL.framework/Resources/GLEngine.bundle/GLEngine
0x000000019f059000 	/System/Library/Frameworks/OpenGL.framework/Versions/A/Libraries/libGLProgrammability.dylib
0x0000000000000000 	/System/Library/Extensions/GeForceGLDriver.bundle/Contents/MacOS/GeForceGLDriver
0x000000019c767000 	/System/Library/PrivateFrameworks/GPUSupport.framework/Versions/A/Libraries/libGPUSupport.dylib
0x000000000d9dd000 	/System/Library/Extensions/GeForceGLDriver.bundle/Contents/MacOS/libclh.dylib
0x000000019d558000 	/System/Library/Frameworks/OpenGL.framework/Resources//GLRendererFloat.bundle/GLRendererFloat
0x000000019c77c000 	/System/Library/Frameworks/OpenCL.framework/Versions/A/Libraries/libcldcpuengine.dylib
0x000000000d9dd000 	/System/Library/PrivateFrameworks/DiskImages.framework/Versions/A/DiskImages
0x000000000d9dd000 	/System/Library/Frameworks/DiscRecording.framework/Versions/A/DiscRecording
0x000000000d9dd000 	/usr/lib/libcurl.4.dylib
0x000000000d9dd000 	/System/Library/PrivateFrameworks/MediaKit.framework/Versions/A/MediaKit
0x000000000d9dd000 	/usr/lib/libssl.0.9.8.dylib
0x000000000d9dd000 	/usr/lib/libcrypto.0.9.8.dylib
0x000000000d9dd000 	/System/Library/Frameworks/LDAP.framework/Versions/A/LDAP
0x000000000d9dd000 	/usr/lib/libsasl2.2.dylib
0x000000019f6ee000 	/Library/Java/JavaVirtualMachines/jdk1.7.0_51.jdk/Contents/Home/jre/lib/libfontmanager.dylib
0x000000019f755000 	/Library/Java/JavaVirtualMachines/jdk1.7.0_51.jdk/Contents/Home/jre/lib/libosxui.dylib

VM Arguments:
jvm_args: -Dfile.encoding=US-ASCII 
java_command: utils.GameLogic
Launcher Type: SUN_STANDARD

Environment Variables:
PATH=/usr/bin:/bin:/usr/sbin:/sbin
SHELL=/bin/bash

Signal Handlers:
SIGSEGV: [libjvm.dylib+0x525425], sa_mask[0]=0xfffefeff, sa_flags=0x00000043
SIGBUS: [libjvm.dylib+0x525425], sa_mask[0]=0xfffefeff, sa_flags=0x00000042
SIGFPE: [libjvm.dylib+0x41892a], sa_mask[0]=0xfffefeff, sa_flags=0x00000042
SIGPIPE: [libjvm.dylib+0x41892a], sa_mask[0]=0xfffefeff, sa_flags=0x00000042
SIGXFSZ: [libjvm.dylib+0x41892a], sa_mask[0]=0xfffefeff, sa_flags=0x00000042
SIGILL: [libjvm.dylib+0x41892a], sa_mask[0]=0xfffefeff, sa_flags=0x00000042
SIGUSR1: SIG_DFL, sa_mask[0]=0x00000000, sa_flags=0x00000002
SIGUSR2: [libjvm.dylib+0x41841c], sa_mask[0]=0x00000004, sa_flags=0x00000042
SIGHUP: [libjvm.dylib+0x4166ab], sa_mask[0]=0xfffefeff, sa_flags=0x00000042
SIGINT: [libjvm.dylib+0x4166ab], sa_mask[0]=0xfffefeff, sa_flags=0x00000042
SIGTERM: [libjvm.dylib+0x4166ab], sa_mask[0]=0xfffefeff, sa_flags=0x00000042
SIGQUIT: [libjvm.dylib+0x4166ab], sa_mask[0]=0xfffefeff, sa_flags=0x00000042


---------------  S Y S T E M  ---------------

OS:Bsduname:Darwin 12.4.0 Darwin Kernel Version 12.4.0: Wed May  1 17:57:12 PDT 2013; root:xnu-2050.24.15~1/RELEASE_X86_64 x86_64
rlimit: STACK 8192k, CORE 0k, NPROC 709, NOFILE 10240, AS infinity
load average:1.60 1.33 1.17

CPU:total 2 (2 cores per cpu, 1 threads per core) family 6 model 23 stepping 10, cmov, cx8, fxsr, mmx, sse, sse2, sse3, ssse3, sse4.1, tsc

Memory: 4k page, physical 8388608k(2097152k free)

/proc/meminfo:


vm_info: Java HotSpot(TM) 64-Bit Server VM (24.51-b03) for bsd-amd64 JRE (1.7.0_51-b13), built on Dec 18 2013 18:45:56 by "java_re" with gcc 4.2.1 (Based on Apple Inc. build 5658) (LLVM build 2336.11.00)

time: Mon Feb 23 13:37:00 2015
elapsed time: 30 seconds

